Using pre-set license
Built from '2021.3/staging' branch; Version is '2021.3.16f1 (4016570cf34f) revision 4200023'; Using compiler version '192829333'; Build Type 'Release'
OS: 'Windows 11  (10.0.22621) 64bit Professional' Language: 'ko' Physical Memory: 49077 MB
BatchMode: 1, IsHumanControllingUs: 0, StartBugReporterOnCrash: 0, Is64bit: 1, IsPro: 1

COMMAND LINE ARGUMENTS:
C:\Program Files\Unity\Hub\Editor\2021.3.16f1\Editor\Unity.exe
-adb2
-batchMode
-noUpm
-name
AssetImportWorker1
-projectPath
C:/WorkSpace/RainyDay
-logFile
Logs/AssetImportWorker1.log
-srvPort
14112
Successfully changed project path to: C:/WorkSpace/RainyDay
C:/WorkSpace/RainyDay
[UnityMemory] Configuration Parameters - Can be set up in boot.config
    "memorysetup-bucket-allocator-granularity=16"
    "memorysetup-bucket-allocator-bucket-count=8"
    "memorysetup-bucket-allocator-block-size=33554432"
    "memorysetup-bucket-allocator-block-count=8"
    "memorysetup-main-allocator-block-size=16777216"
    "memorysetup-thread-allocator-block-size=16777216"
    "memorysetup-gfx-main-allocator-block-size=16777216"
    "memorysetup-gfx-thread-allocator-block-size=16777216"
    "memorysetup-cache-allocator-block-size=4194304"
    "memorysetup-typetree-allocator-block-size=2097152"
    "memorysetup-profiler-bucket-allocator-granularity=16"
    "memorysetup-profiler-bucket-allocator-bucket-count=8"
    "memorysetup-profiler-bucket-allocator-block-size=33554432"
    "memorysetup-profiler-bucket-allocator-block-count=8"
    "memorysetup-profiler-allocator-block-size=16777216"
    "memorysetup-profiler-editor-allocator-block-size=1048576"
    "memorysetup-temp-allocator-size-main=16777216"
    "memorysetup-job-temp-allocator-block-size=2097152"
    "memorysetup-job-temp-allocator-block-size-background=1048576"
    "memorysetup-job-temp-allocator-reduction-small-platforms=262144"
    "memorysetup-temp-allocator-size-background-worker=32768"
    "memorysetup-temp-allocator-size-job-worker=262144"
    "memorysetup-temp-allocator-size-preload-manager=33554432"
    "memorysetup-temp-allocator-size-nav-mesh-worker=65536"
    "memorysetup-temp-allocator-size-audio-worker=65536"
    "memorysetup-temp-allocator-size-cloud-worker=32768"
    "memorysetup-temp-allocator-size-gi-baking-worker=262144"
    "memorysetup-temp-allocator-size-gfx=262144"
Player connection [21212] Host "[IP] 192.168.0.2 [Port] 0 [Flags] 2 [Guid] 3747315053 [EditorId] 3747315053 [Version] 1048832 [Id] WindowsEditor(7,DESKTOP-GSLMAIN) [Debug] 1 [PackageName] WindowsEditor [ProjectName] Editor" joined multi-casting on [225.0.0.222:54997]...

Player connection [21212] Host "[IP] 192.168.0.2 [Port] 0 [Flags] 2 [Guid] 3747315053 [EditorId] 3747315053 [Version] 1048832 [Id] WindowsEditor(7,DESKTOP-GSLMAIN) [Debug] 1 [PackageName] WindowsEditor [ProjectName] Editor" joined alternative multi-casting on [225.0.0.222:34997]...

Refreshing native plugins compatible for Editor in 69.31 ms, found 3 plugins.
Preloading 0 native plugins for Editor in 0.00 ms.
Initialize engine version: 2021.3.16f1 (4016570cf34f)
[Subsystems] Discovering subsystems at path C:/Program Files/Unity/Hub/Editor/2021.3.16f1/Editor/Data/Resources/UnitySubsystems
[Subsystems] Discovering subsystems at path C:/WorkSpace/RainyDay/Assets
GfxDevice: creating device client; threaded=0; jobified=0
Direct3D:
    Version:  Direct3D 11.0 [level 11.1]
    Renderer: AMD Radeon RX 6800 (ID=0x73bf)
    Vendor:   ATI
    VRAM:     16338 MB
    Driver:   31.0.12029.10015
Initialize mono
Mono path[0] = 'C:/Program Files/Unity/Hub/Editor/2021.3.16f1/Editor/Data/Managed'
Mono path[1] = 'C:/Program Files/Unity/Hub/Editor/2021.3.16f1/Editor/Data/MonoBleedingEdge/lib/mono/unityjit-win32'
Mono config path = 'C:/Program Files/Unity/Hub/Editor/2021.3.16f1/Editor/Data/MonoBleedingEdge/etc'
Using monoOptions --debugger-agent=transport=dt_socket,embedding=1,server=y,suspend=n,address=127.0.0.1:56588
Begin MonoManager ReloadAssembly
Registering precompiled unity dll's ...
Register platform support module: C:/Program Files/Unity/Hub/Editor/2021.3.16f1/Editor/Data/PlaybackEngines/AndroidPlayer/UnityEditor.Android.Extensions.dll
Register platform support module: C:/Program Files/Unity/Hub/Editor/2021.3.16f1/Editor/Data/PlaybackEngines/iOSSupport/UnityEditor.iOS.Extensions.dll
Register platform support module: C:/Program Files/Unity/Hub/Editor/2021.3.16f1/Editor/Data/PlaybackEngines/WindowsStandaloneSupport/UnityEditor.WindowsStandalone.Extensions.dll
Registered in 0.009917 seconds.
Native extension for WindowsStandalone target not found
[usbmuxd] Start listen thread
[usbmuxd] Listen thread started
Native extension for iOS target not found
Native extension for Android target not found
Refreshing native plugins compatible for Editor in 70.94 ms, found 3 plugins.
Preloading 0 native plugins for Editor in 0.00 ms.
Mono: successfully reloaded assembly
- Completed reload, in  0.660 seconds
Domain Reload Profiling:
	ReloadAssembly (660ms)
		BeginReloadAssembly (79ms)
			ExecutionOrderSort (0ms)
			DisableScriptedObjects (0ms)
			BackupInstance (0ms)
			ReleaseScriptingObjects (0ms)
			CreateAndSetChildDomain (1ms)
		EndReloadAssembly (466ms)
			LoadAssemblies (75ms)
			RebuildTransferFunctionScriptingTraits (0ms)
			SetupTypeCache (100ms)
			ReleaseScriptCaches (0ms)
			RebuildScriptCaches (27ms)
			SetupLoadedEditorAssemblies (276ms)
				LogAssemblyErrors (0ms)
				InitializePlatformSupportModulesInManaged (66ms)
				SetLoadedEditorAssemblies (0ms)
				RefreshPlugins (71ms)
				BeforeProcessingInitializeOnLoad (1ms)
				ProcessInitializeOnLoadAttributes (89ms)
				ProcessInitializeOnLoadMethodAttributes (48ms)
				AfterProcessingInitializeOnLoad (0ms)
				EditorAssembliesLoaded (0ms)
			ExecutionOrderSort2 (0ms)
			AwakeInstancesAfterBackupRestoration (0ms)
Platform modules already initialized, skipping
Registering precompiled user dll's ...
Registered in 0.011283 seconds.
Begin MonoManager ReloadAssembly
Symbol file LoadedFromMemory doesn't match image C:\WorkSpace\RainyDay\Library\PackageCache\com.unity.visualscripting@1.7.8\Editor\VisualScripting.Core\Dependencies\YamlDotNet\Unity.VisualScripting.YamlDotNet.dll
Symbol file LoadedFromMemory doesn't match image C:\WorkSpace\RainyDay\Library\PackageCache\com.unity.visualscripting@1.7.8\Editor\VisualScripting.Core\Dependencies\DotNetZip\Unity.VisualScripting.IonicZip.dll
Native extension for WindowsStandalone target not found
Native extension for iOS target not found
Native extension for Android target not found
Refreshing native plugins compatible for Editor in 0.93 ms, found 3 plugins.
Preloading 0 native plugins for Editor in 0.00 ms.
Mono: successfully reloaded assembly
- Completed reload, in  1.066 seconds
Domain Reload Profiling:
	ReloadAssembly (1067ms)
		BeginReloadAssembly (231ms)
			ExecutionOrderSort (0ms)
			DisableScriptedObjects (5ms)
			BackupInstance (0ms)
			ReleaseScriptingObjects (0ms)
			CreateAndSetChildDomain (132ms)
		EndReloadAssembly (719ms)
			LoadAssemblies (99ms)
			RebuildTransferFunctionScriptingTraits (0ms)
			SetupTypeCache (211ms)
			ReleaseScriptCaches (0ms)
			RebuildScriptCaches (45ms)
			SetupLoadedEditorAssemblies (334ms)
				LogAssemblyErrors (0ms)
				InitializePlatformSupportModulesInManaged (22ms)
				SetLoadedEditorAssemblies (1ms)
				RefreshPlugins (1ms)
				BeforeProcessingInitializeOnLoad (76ms)
				ProcessInitializeOnLoadAttributes (201ms)
				ProcessInitializeOnLoadMethodAttributes (19ms)
				AfterProcessingInitializeOnLoad (14ms)
				EditorAssembliesLoaded (0ms)
			ExecutionOrderSort2 (0ms)
			AwakeInstancesAfterBackupRestoration (9ms)
Platform modules already initialized, skipping
========================================================================
Worker process is ready to serve import requests
Launched and connected shader compiler UnityShaderCompiler.exe after 0.05 seconds
Refreshing native plugins compatible for Editor in 1.19 ms, found 3 plugins.
Preloading 0 native plugins for Editor in 0.00 ms.
Unloading 3257 Unused Serialized files (Serialized files now loaded: 0)
Unloading 26 unused Assets / (56.1 KB). Loaded Objects now: 3715.
Memory consumption went from 118.1 MB to 118.1 MB.
Total: 2.697900 ms (FindLiveObjects: 0.248300 ms CreateObjectMapping: 0.152600 ms MarkObjects: 2.211400 ms  DeleteObjects: 0.084700 ms)

AssetImportParameters requested are different than current active one (requested -> active):
  custom:video-decoder-ogg-theora: a1e56fd34408186e4bbccfd4996cb3dc -> 
  custom:container-muxer-webm: aa71ff27fc2769a1b78a27578f13a17b -> 
  custom:container-demuxer-webm: 4f35f7cbe854078d1ac9338744f61a02 -> 
  custom:video-encoder-webm-vp8: eb34c28f22e8b96e1ab97ce403110664 -> 
  custom:audio-encoder-webm-vorbis: bf7c407c2cedff20999df2af8eb42d56 -> 
  custom:framework-win-MediaFoundation: 216162199b28c13a410421893ffa2e32 -> 
  custom:container-demuxer-ogg: 62fdf1f143b41e24485cea50d1cbac27 -> 
  custom:video-decoder-webm-vp8: 9c59270c3fd7afecdb556c50c9e8de78 -> 
  custom:audio-decoder-ogg-vorbis: bf7c407c2cedff20999df2af8eb42d56 -> 
========================================================================
Received Prepare
Registering precompiled user dll's ...
Registered in 0.009959 seconds.
Begin MonoManager ReloadAssembly
Symbol file LoadedFromMemory doesn't match image C:\WorkSpace\RainyDay\Library\PackageCache\com.unity.visualscripting@1.7.8\Editor\VisualScripting.Core\Dependencies\YamlDotNet\Unity.VisualScripting.YamlDotNet.dll
Symbol file LoadedFromMemory doesn't match image C:\WorkSpace\RainyDay\Library\PackageCache\com.unity.visualscripting@1.7.8\Editor\VisualScripting.Core\Dependencies\DotNetZip\Unity.VisualScripting.IonicZip.dll
Native extension for WindowsStandalone target not found
Native extension for iOS target not found
Native extension for Android target not found
Refreshing native plugins compatible for Editor in 0.70 ms, found 3 plugins.
Preloading 0 native plugins for Editor in 0.00 ms.
Mono: successfully reloaded assembly
- Completed reload, in  0.958 seconds
Domain Reload Profiling:
	ReloadAssembly (959ms)
		BeginReloadAssembly (151ms)
			ExecutionOrderSort (0ms)
			DisableScriptedObjects (7ms)
			BackupInstance (0ms)
			ReleaseScriptingObjects (0ms)
			CreateAndSetChildDomain (37ms)
		EndReloadAssembly (699ms)
			LoadAssemblies (108ms)
			RebuildTransferFunctionScriptingTraits (0ms)
			SetupTypeCache (191ms)
			ReleaseScriptCaches (1ms)
			RebuildScriptCaches (35ms)
			SetupLoadedEditorAssemblies (328ms)
				LogAssemblyErrors (0ms)
				InitializePlatformSupportModulesInManaged (32ms)
				SetLoadedEditorAssemblies (0ms)
				RefreshPlugins (1ms)
				BeforeProcessingInitializeOnLoad (69ms)
				ProcessInitializeOnLoadAttributes (187ms)
				ProcessInitializeOnLoadMethodAttributes (21ms)
				AfterProcessingInitializeOnLoad (17ms)
				EditorAssembliesLoaded (0ms)
			ExecutionOrderSort2 (0ms)
			AwakeInstancesAfterBackupRestoration (10ms)
Platform modules already initialized, skipping
Refreshing native plugins compatible for Editor in 3.25 ms, found 3 plugins.
Preloading 0 native plugins for Editor in 0.00 ms.
Unloading 3238 Unused Serialized files (Serialized files now loaded: 0)
Unloading 19 unused Assets / (24.7 KB). Loaded Objects now: 3718.
Memory consumption went from 116.5 MB to 116.5 MB.
Total: 2.746100 ms (FindLiveObjects: 0.216400 ms CreateObjectMapping: 0.109000 ms MarkObjects: 2.388400 ms  DeleteObjects: 0.031000 ms)

AssetImportParameters requested are different than current active one (requested -> active):
  custom:video-decoder-ogg-theora: a1e56fd34408186e4bbccfd4996cb3dc -> 
  custom:container-muxer-webm: aa71ff27fc2769a1b78a27578f13a17b -> 
  custom:container-demuxer-webm: 4f35f7cbe854078d1ac9338744f61a02 -> 
  custom:video-encoder-webm-vp8: eb34c28f22e8b96e1ab97ce403110664 -> 
  custom:audio-encoder-webm-vorbis: bf7c407c2cedff20999df2af8eb42d56 -> 
  custom:framework-win-MediaFoundation: 216162199b28c13a410421893ffa2e32 -> 
  custom:container-demuxer-ogg: 62fdf1f143b41e24485cea50d1cbac27 -> 
  custom:video-decoder-webm-vp8: 9c59270c3fd7afecdb556c50c9e8de78 -> 
  custom:audio-decoder-ogg-vorbis: bf7c407c2cedff20999df2af8eb42d56 -> 
========================================================================
Received Prepare
Refreshing native plugins compatible for Editor in 8.22 ms, found 3 plugins.
Preloading 0 native plugins for Editor in 0.00 ms.
Unloading 19 Unused Serialized files (Serialized files now loaded: 0)
Unloading 19 unused Assets / (22.0 KB). Loaded Objects now: 3718.
Memory consumption went from 52.0 MB to 52.0 MB.
Total: 3.162400 ms (FindLiveObjects: 0.284400 ms CreateObjectMapping: 0.155800 ms MarkObjects: 2.704800 ms  DeleteObjects: 0.016900 ms)

AssetImportParameters requested are different than current active one (requested -> active):
  custom:video-decoder-ogg-theora: a1e56fd34408186e4bbccfd4996cb3dc -> 
  custom:container-muxer-webm: aa71ff27fc2769a1b78a27578f13a17b -> 
  custom:container-demuxer-webm: 4f35f7cbe854078d1ac9338744f61a02 -> 
  custom:video-encoder-webm-vp8: eb34c28f22e8b96e1ab97ce403110664 -> 
  custom:audio-encoder-webm-vorbis: bf7c407c2cedff20999df2af8eb42d56 -> 
  custom:framework-win-MediaFoundation: 216162199b28c13a410421893ffa2e32 -> 
  custom:container-demuxer-ogg: 62fdf1f143b41e24485cea50d1cbac27 -> 
  custom:video-decoder-webm-vp8: 9c59270c3fd7afecdb556c50c9e8de78 -> 
  custom:audio-decoder-ogg-vorbis: bf7c407c2cedff20999df2af8eb42d56 -> 
========================================================================
Received Prepare
Refreshing native plugins compatible for Editor in 6.09 ms, found 3 plugins.
Preloading 0 native plugins for Editor in 0.00 ms.
Unloading 19 Unused Serialized files (Serialized files now loaded: 0)
Unloading 19 unused Assets / (22.0 KB). Loaded Objects now: 3718.
Memory consumption went from 52.0 MB to 52.0 MB.
Total: 2.361400 ms (FindLiveObjects: 0.208800 ms CreateObjectMapping: 0.119700 ms MarkObjects: 2.020800 ms  DeleteObjects: 0.011600 ms)

AssetImportParameters requested are different than current active one (requested -> active):
  custom:video-decoder-ogg-theora: a1e56fd34408186e4bbccfd4996cb3dc -> 
  custom:container-muxer-webm: aa71ff27fc2769a1b78a27578f13a17b -> 
  custom:container-demuxer-webm: 4f35f7cbe854078d1ac9338744f61a02 -> 
  custom:video-encoder-webm-vp8: eb34c28f22e8b96e1ab97ce403110664 -> 
  custom:audio-encoder-webm-vorbis: bf7c407c2cedff20999df2af8eb42d56 -> 
  custom:framework-win-MediaFoundation: 216162199b28c13a410421893ffa2e32 -> 
  custom:container-demuxer-ogg: 62fdf1f143b41e24485cea50d1cbac27 -> 
  custom:video-decoder-webm-vp8: 9c59270c3fd7afecdb556c50c9e8de78 -> 
  custom:audio-decoder-ogg-vorbis: bf7c407c2cedff20999df2af8eb42d56 -> 
========================================================================
Received Prepare
Registering precompiled user dll's ...
Registered in 0.010308 seconds.
Begin MonoManager ReloadAssembly
Symbol file LoadedFromMemory doesn't match image C:\WorkSpace\RainyDay\Library\PackageCache\com.unity.visualscripting@1.7.8\Editor\VisualScripting.Core\Dependencies\YamlDotNet\Unity.VisualScripting.YamlDotNet.dll
Symbol file LoadedFromMemory doesn't match image C:\WorkSpace\RainyDay\Library\PackageCache\com.unity.visualscripting@1.7.8\Editor\VisualScripting.Core\Dependencies\DotNetZip\Unity.VisualScripting.IonicZip.dll
Native extension for WindowsStandalone target not found
Native extension for iOS target not found
Native extension for Android target not found
Refreshing native plugins compatible for Editor in 0.59 ms, found 3 plugins.
Preloading 0 native plugins for Editor in 0.00 ms.
Mono: successfully reloaded assembly
- Completed reload, in  0.868 seconds
Domain Reload Profiling:
	ReloadAssembly (869ms)
		BeginReloadAssembly (146ms)
			ExecutionOrderSort (0ms)
			DisableScriptedObjects (6ms)
			BackupInstance (0ms)
			ReleaseScriptingObjects (0ms)
			CreateAndSetChildDomain (37ms)
		EndReloadAssembly (618ms)
			LoadAssemblies (100ms)
			RebuildTransferFunctionScriptingTraits (0ms)
			SetupTypeCache (175ms)
			ReleaseScriptCaches (1ms)
			RebuildScriptCaches (32ms)
			SetupLoadedEditorAssemblies (283ms)
				LogAssemblyErrors (0ms)
				InitializePlatformSupportModulesInManaged (26ms)
				SetLoadedEditorAssemblies (0ms)
				RefreshPlugins (1ms)
				BeforeProcessingInitializeOnLoad (56ms)
				ProcessInitializeOnLoadAttributes (168ms)
				ProcessInitializeOnLoadMethodAttributes (18ms)
				AfterProcessingInitializeOnLoad (14ms)
				EditorAssembliesLoaded (0ms)
			ExecutionOrderSort2 (0ms)
			AwakeInstancesAfterBackupRestoration (10ms)
Platform modules already initialized, skipping
Refreshing native plugins compatible for Editor in 2.41 ms, found 3 plugins.
Preloading 0 native plugins for Editor in 0.00 ms.
Unloading 3238 Unused Serialized files (Serialized files now loaded: 0)
Unloading 19 unused Assets / (24.7 KB). Loaded Objects now: 3721.
Memory consumption went from 116.3 MB to 116.3 MB.
Total: 2.758700 ms (FindLiveObjects: 0.249300 ms CreateObjectMapping: 0.133600 ms MarkObjects: 2.356300 ms  DeleteObjects: 0.018500 ms)

AssetImportParameters requested are different than current active one (requested -> active):
  custom:video-decoder-ogg-theora: a1e56fd34408186e4bbccfd4996cb3dc -> 
  custom:container-muxer-webm: aa71ff27fc2769a1b78a27578f13a17b -> 
  custom:container-demuxer-webm: 4f35f7cbe854078d1ac9338744f61a02 -> 
  custom:video-encoder-webm-vp8: eb34c28f22e8b96e1ab97ce403110664 -> 
  custom:audio-encoder-webm-vorbis: bf7c407c2cedff20999df2af8eb42d56 -> 
  custom:framework-win-MediaFoundation: 216162199b28c13a410421893ffa2e32 -> 
  custom:container-demuxer-ogg: 62fdf1f143b41e24485cea50d1cbac27 -> 
  custom:video-decoder-webm-vp8: 9c59270c3fd7afecdb556c50c9e8de78 -> 
  custom:audio-decoder-ogg-vorbis: bf7c407c2cedff20999df2af8eb42d56 -> 
========================================================================
Received Import Request.
  Time since last request: 52653.239646 seconds.
  path: Assets/resources/img/background.png
  artifactKey: Guid(fc9a1c1cbe48103468c6d65a663aad01) Importer(815301076,1909f56bfc062723c751e8b465ee728b)
Start importing Assets/resources/img/background.png using Guid(fc9a1c1cbe48103468c6d65a663aad01) Importer(815301076,1909f56bfc062723c751e8b465ee728b)  -> (artifact id: '6c48ecf9215b49fc0315ea9eec99eedc') in 0.152315 seconds 
========================================================================
Received Import Request.
  Time since last request: 0.582256 seconds.
  path: Assets/resources/img/character.png
  artifactKey: Guid(8b4143937280bd74d9904f5d34702b1c) Importer(815301076,1909f56bfc062723c751e8b465ee728b)
Start importing Assets/resources/img/character.png using Guid(8b4143937280bd74d9904f5d34702b1c) Importer(815301076,1909f56bfc062723c751e8b465ee728b)  -> (artifact id: '6168bcb41f5b89782a30e92a9ea0f3c1') in 0.010440 seconds 
========================================================================
Received Import Request.
  Time since last request: 0.000019 seconds.
  path: Assets/resources/img/LAND_LOGO.png
  artifactKey: Guid(8020c9938a8961d4487c2fdc241c1f2d) Importer(815301076,1909f56bfc062723c751e8b465ee728b)
Start importing Assets/resources/img/LAND_LOGO.png using Guid(8020c9938a8961d4487c2fdc241c1f2d) Importer(815301076,1909f56bfc062723c751e8b465ee728b)  -> (artifact id: '1bbaeab090493b00d7c3dea903a4ed44') in 0.013333 seconds 
========================================================================
Received Import Request.
  Time since last request: 0.000020 seconds.
  path: Assets/resources/img/loading_Ani.gif
  artifactKey: Guid(d7aa5b1323182204dabfa0165d90fc8b) Importer(815301076,1909f56bfc062723c751e8b465ee728b)
Start importing Assets/resources/img/loading_Ani.gif using Guid(d7aa5b1323182204dabfa0165d90fc8b) Importer(815301076,1909f56bfc062723c751e8b465ee728b)  -> (artifact id: '4bb59e36afcb3b3b4a8e05820b5514ec') in 0.013344 seconds 
========================================================================
Received Import Request.
  Time since last request: 0.000024 seconds.
  path: Assets/resources/img/end_sample5.jpg
  artifactKey: Guid(ff5b2b9753769ad41912f282a59a1f24) Importer(815301076,1909f56bfc062723c751e8b465ee728b)
Start importing Assets/resources/img/end_sample5.jpg using Guid(ff5b2b9753769ad41912f282a59a1f24) Importer(815301076,1909f56bfc062723c751e8b465ee728b)  -> (artifact id: '2cfa422207dfbb61e660efd8c82e139c') in 0.026464 seconds 
========================================================================
Received Import Request.
  Time since last request: 0.000033 seconds.
  path: Assets/resources/img/end_sample4.jpg
  artifactKey: Guid(e2d4a5c55fb3ae144bac7529f4affba6) Importer(815301076,1909f56bfc062723c751e8b465ee728b)
Start importing Assets/resources/img/end_sample4.jpg using Guid(e2d4a5c55fb3ae144bac7529f4affba6) Importer(815301076,1909f56bfc062723c751e8b465ee728b)  -> (artifact id: '501c4fd6ffb59a97e0036ea8a64fb8d9') in 0.022203 seconds 
========================================================================
Received Import Request.
  Time since last request: 0.000015 seconds.
  path: Assets/resources/img/cloud1-2b-2.png
  artifactKey: Guid(55c0c0df25a9e784797a455e5ee2b7f5) Importer(815301076,1909f56bfc062723c751e8b465ee728b)
Start importing Assets/resources/img/cloud1-2b-2.png using Guid(55c0c0df25a9e784797a455e5ee2b7f5) Importer(815301076,1909f56bfc062723c751e8b465ee728b)  -> (artifact id: 'df93a0c5d6593547d8a465c898fceda9') in 0.011378 seconds 
========================================================================
Received Import Request.
  Time since last request: 0.000020 seconds.
  path: Assets/resources/img/cloud2.png
  artifactKey: Guid(8bea91f40a1fc114fbc0da7ecd169eff) Importer(815301076,1909f56bfc062723c751e8b465ee728b)
Start importing Assets/resources/img/cloud2.png using Guid(8bea91f40a1fc114fbc0da7ecd169eff) Importer(815301076,1909f56bfc062723c751e8b465ee728b)  -> (artifact id: '905f6502cece68065a41280093073e92') in 0.009713 seconds 
========================================================================
Received Import Request.
  Time since last request: 0.000017 seconds.
  path: Assets/resources/img/lun1.png
  artifactKey: Guid(4891895bb7492e64985e71b35f16bdd1) Importer(815301076,1909f56bfc062723c751e8b465ee728b)
Start importing Assets/resources/img/lun1.png using Guid(4891895bb7492e64985e71b35f16bdd1) Importer(815301076,1909f56bfc062723c751e8b465ee728b)  -> (artifact id: '2459dd9bc81e749d3f353f7725f6c4bf') in 0.009783 seconds 
========================================================================
Received Import Request.
  Time since last request: 0.000017 seconds.
  path: Assets/resources/img/cloudA.png
  artifactKey: Guid(9f84763cea0235d4d86431159fecea27) Importer(815301076,1909f56bfc062723c751e8b465ee728b)
Start importing Assets/resources/img/cloudA.png using Guid(9f84763cea0235d4d86431159fecea27) Importer(815301076,1909f56bfc062723c751e8b465ee728b)  -> (artifact id: 'c2dc3d04fae099e9e87dd10cfa8b03ab') in 0.010532 seconds 
========================================================================
Received Import Request.
  Time since last request: 0.000015 seconds.
  path: Assets/resources/img/end_sample.jpg
  artifactKey: Guid(1dfb2a5fa86ae794c8723cd7797a7a6d) Importer(815301076,1909f56bfc062723c751e8b465ee728b)
Start importing Assets/resources/img/end_sample.jpg using Guid(1dfb2a5fa86ae794c8723cd7797a7a6d) Importer(815301076,1909f56bfc062723c751e8b465ee728b)  -> (artifact id: '0ccde747412acf91e46487b6c437e4c1') in 0.016655 seconds 
========================================================================
Received Import Request.
  Time since last request: 0.000017 seconds.
  path: Assets/resources/img/cloud1-2.png
  artifactKey: Guid(5e6b9ec4ed062c2479d93e9740bad177) Importer(815301076,1909f56bfc062723c751e8b465ee728b)
Start importing Assets/resources/img/cloud1-2.png using Guid(5e6b9ec4ed062c2479d93e9740bad177) Importer(815301076,1909f56bfc062723c751e8b465ee728b)  -> (artifact id: '81a008bc2adf666906a020a47dc81dcb') in 0.010001 seconds 
========================================================================
Received Import Request.
  Time since last request: 0.000015 seconds.
  path: Assets/resources/img/icon.png
  artifactKey: Guid(f5d97a708f8662c4794c62c59744e0bd) Importer(815301076,1909f56bfc062723c751e8b465ee728b)
Start importing Assets/resources/img/icon.png using Guid(f5d97a708f8662c4794c62c59744e0bd) Importer(815301076,1909f56bfc062723c751e8b465ee728b)  -> (artifact id: '7ecb2c678dbd18dd3982b91e509957cc') in 0.008787 seconds 
========================================================================
Received Import Request.
  Time since last request: 0.000025 seconds.
  path: Assets/resources/img/icon_Stormy_borderfree.png
  artifactKey: Guid(a31d797198636d946aab079e7bd6c1ec) Importer(815301076,1909f56bfc062723c751e8b465ee728b)
Start importing Assets/resources/img/icon_Stormy_borderfree.png using Guid(a31d797198636d946aab079e7bd6c1ec) Importer(815301076,1909f56bfc062723c751e8b465ee728b)  -> (artifact id: '2645da361401829efe9d71f01f840e9e') in 0.010457 seconds 
========================================================================
Received Import Request.
  Time since last request: 0.000016 seconds.
  path: Assets/resources/img/end_sample2.jpg
  artifactKey: Guid(a687a0f9153948144a8bd1e827b01e63) Importer(815301076,1909f56bfc062723c751e8b465ee728b)
Start importing Assets/resources/img/end_sample2.jpg using Guid(a687a0f9153948144a8bd1e827b01e63) Importer(815301076,1909f56bfc062723c751e8b465ee728b)  -> (artifact id: 'dd312f80422ee2d78cbcce277a7d453d') in 0.020020 seconds 
========================================================================
Received Import Request.
  Time since last request: 0.000014 seconds.
  path: Assets/resources/img/land.png
  artifactKey: Guid(8dae2640c00296345942d9f0d6b71c9e) Importer(815301076,1909f56bfc062723c751e8b465ee728b)
Start importing Assets/resources/img/land.png using Guid(8dae2640c00296345942d9f0d6b71c9e) Importer(815301076,1909f56bfc062723c751e8b465ee728b)  -> (artifact id: '86049284de7715eda394f3c79c291330') in 0.014809 seconds 
========================================================================
Received Import Request.
  Time since last request: 0.000022 seconds.
  path: Assets/resources/img/cloud2a.png
  artifactKey: Guid(26ec5f7eab8d369468eedfee4e1ea2af) Importer(815301076,1909f56bfc062723c751e8b465ee728b)
Start importing Assets/resources/img/cloud2a.png using Guid(26ec5f7eab8d369468eedfee4e1ea2af) Importer(815301076,1909f56bfc062723c751e8b465ee728b)  -> (artifact id: 'f73d61fb22aa20a1fc57886d97f0efb2') in 0.011593 seconds 
========================================================================
Received Import Request.
  Time since last request: 0.000024 seconds.
  path: Assets/resources/img/lun2.png
  artifactKey: Guid(27823b1175b58e149a139c65f74574a5) Importer(815301076,1909f56bfc062723c751e8b465ee728b)
Start importing Assets/resources/img/lun2.png using Guid(27823b1175b58e149a139c65f74574a5) Importer(815301076,1909f56bfc062723c751e8b465ee728b)  -> (artifact id: '8688a4cbd052ac997a3e57dba8ffe667') in 0.010344 seconds 
========================================================================
Received Import Request.
  Time since last request: 0.000026 seconds.
  path: Assets/resources/img/land_navy.png
  artifactKey: Guid(d1d619e568db7de4db8b125fe7204e5e) Importer(815301076,1909f56bfc062723c751e8b465ee728b)
Start importing Assets/resources/img/land_navy.png using Guid(d1d619e568db7de4db8b125fe7204e5e) Importer(815301076,1909f56bfc062723c751e8b465ee728b)  -> (artifact id: '947935f649edd15737f13eb44d77e9e5') in 0.013063 seconds 
========================================================================
Received Import Request.
  Time since last request: 0.417172 seconds.
  path: Assets/resources/img/lun3.png
  artifactKey: Guid(a9130a57876788449a5ec6649c53f3d4) Importer(815301076,1909f56bfc062723c751e8b465ee728b)
Start importing Assets/resources/img/lun3.png using Guid(a9130a57876788449a5ec6649c53f3d4) Importer(815301076,1909f56bfc062723c751e8b465ee728b)  -> (artifact id: '075826e78c1c697d210ef5bce8907834') in 0.009643 seconds 
========================================================================
Received Import Request.
  Time since last request: 0.000019 seconds.
  path: Assets/resources/img/lun12A.png
  artifactKey: Guid(a5f4ed11efc7e8844921e1c0a4c8815e) Importer(815301076,1909f56bfc062723c751e8b465ee728b)
Start importing Assets/resources/img/lun12A.png using Guid(a5f4ed11efc7e8844921e1c0a4c8815e) Importer(815301076,1909f56bfc062723c751e8b465ee728b)  -> (artifact id: '05e5db3ec27033a472aa6e77a0ba4c7c') in 0.008746 seconds 
========================================================================
Received Import Request.
  Time since last request: 0.000025 seconds.
  path: Assets/resources/img/lun4.png
  artifactKey: Guid(de837e370abd7504bb0035ec54bb2a87) Importer(815301076,1909f56bfc062723c751e8b465ee728b)
Start importing Assets/resources/img/lun4.png using Guid(de837e370abd7504bb0035ec54bb2a87) Importer(815301076,1909f56bfc062723c751e8b465ee728b)  -> (artifact id: '6b8766c653dad81a4c43a3eaaa34d0f1') in 0.008725 seconds 
========================================================================
Received Import Request.
  Time since last request: 0.000021 seconds.
  path: Assets/resources/img/run1AC.png
  artifactKey: Guid(212153da69011bd4dbf7ef26bbd1d424) Importer(815301076,1909f56bfc062723c751e8b465ee728b)
Start importing Assets/resources/img/run1AC.png using Guid(212153da69011bd4dbf7ef26bbd1d424) Importer(815301076,1909f56bfc062723c751e8b465ee728b)  -> (artifact id: 'ba1b744907d6f17f9359ae85c162db8a') in 0.009912 seconds 
========================================================================
Received Import Request.
  Time since last request: 0.000014 seconds.
  path: Assets/resources/img/raindrop80.png
  artifactKey: Guid(b0659fae93622654484473c118b50b7f) Importer(815301076,1909f56bfc062723c751e8b465ee728b)
Start importing Assets/resources/img/raindrop80.png using Guid(b0659fae93622654484473c118b50b7f) Importer(815301076,1909f56bfc062723c751e8b465ee728b)  -> (artifact id: '30c79df9720779f42acef6c823c8e65c') in 0.008093 seconds 
========================================================================
Received Import Request.
  Time since last request: 0.000014 seconds.
  path: Assets/resources/img/run2A.jpg
  artifactKey: Guid(46ecdabe60219ed4283753a4be004775) Importer(815301076,1909f56bfc062723c751e8b465ee728b)
Start importing Assets/resources/img/run2A.jpg using Guid(46ecdabe60219ed4283753a4be004775) Importer(815301076,1909f56bfc062723c751e8b465ee728b)  -> (artifact id: '75e3ac70d6366dd1609a4b05ca50642c') in 0.011584 seconds 
========================================================================
Received Import Request.
  Time since last request: 0.000014 seconds.
  path: Assets/resources/img/start_sample.jpg
  artifactKey: Guid(3939c2787f4fc3f4392c7b9dc24a7003) Importer(815301076,1909f56bfc062723c751e8b465ee728b)
Start importing Assets/resources/img/start_sample.jpg using Guid(3939c2787f4fc3f4392c7b9dc24a7003) Importer(815301076,1909f56bfc062723c751e8b465ee728b)  -> (artifact id: '7812870710d8dbf8177ffbef16fa136b') in 0.015908 seconds 
========================================================================
Received Import Request.
  Time since last request: 0.000017 seconds.
  path: Assets/resources/img/run12.png
  artifactKey: Guid(306352fbf2b85de4db9e1c999417222d) Importer(815301076,1909f56bfc062723c751e8b465ee728b)
Start importing Assets/resources/img/run12.png using Guid(306352fbf2b85de4db9e1c999417222d) Importer(815301076,1909f56bfc062723c751e8b465ee728b)  -> (artifact id: 'e411887e97946f8d68afb17406ed7652') in 0.008834 seconds 
========================================================================
Received Import Request.
  Time since last request: 0.000034 seconds.
  path: Assets/resources/img/run12AC - 복사본.png
  artifactKey: Guid(2ac9a7883b57a244d8d2a4a2dc2abc66) Importer(815301076,1909f56bfc062723c751e8b465ee728b)
Start importing Assets/resources/img/run12AC - 복사본.png using Guid(2ac9a7883b57a244d8d2a4a2dc2abc66) Importer(815301076,1909f56bfc062723c751e8b465ee728b)  -> (artifact id: '2292352dc6f2a081003695bc66192c02') in 0.010746 seconds 
========================================================================
Received Import Request.
  Time since last request: 0.000016 seconds.
  path: Assets/resources/img/raindrop.png
  artifactKey: Guid(e886c65815b0dda4bbe6d954e366ba14) Importer(815301076,1909f56bfc062723c751e8b465ee728b)
Start importing Assets/resources/img/raindrop.png using Guid(e886c65815b0dda4bbe6d954e366ba14) Importer(815301076,1909f56bfc062723c751e8b465ee728b)  -> (artifact id: 'd32a9b0351da42b78247e448296aef3d') in 0.008797 seconds 
========================================================================
Received Import Request.
  Time since last request: 0.000015 seconds.
  path: Assets/resources/img/run4.png
  artifactKey: Guid(659ed36374097c145934d8e16ba3407c) Importer(815301076,1909f56bfc062723c751e8b465ee728b)
Start importing Assets/resources/img/run4.png using Guid(659ed36374097c145934d8e16ba3407c) Importer(815301076,1909f56bfc062723c751e8b465ee728b)  -> (artifact id: '59b1fd37a8ff67ef3490b20fc4ce6c8a') in 0.010371 seconds 
========================================================================
Received Import Request.
  Time since last request: 0.000017 seconds.
  path: Assets/resources/img/run2AC.png
  artifactKey: Guid(6e9f463ba65667c43a22147c0efc9eff) Importer(815301076,1909f56bfc062723c751e8b465ee728b)
Start importing Assets/resources/img/run2AC.png using Guid(6e9f463ba65667c43a22147c0efc9eff) Importer(815301076,1909f56bfc062723c751e8b465ee728b)  -> (artifact id: '94aab77476f001e1ee3c06ac326b5231') in 0.010882 seconds 
========================================================================
Received Import Request.
  Time since last request: 0.000023 seconds.
  path: Assets/resources/img/raindrop70.png
  artifactKey: Guid(5fe4e2c766746704f976523d6f3a1b63) Importer(815301076,1909f56bfc062723c751e8b465ee728b)
Start importing Assets/resources/img/raindrop70.png using Guid(5fe4e2c766746704f976523d6f3a1b63) Importer(815301076,1909f56bfc062723c751e8b465ee728b)  -> (artifact id: '1f010e4962b4379d74cff43784e0bc8c') in 0.010451 seconds 
========================================================================
Received Import Request.
  Time since last request: 0.261538 seconds.
  path: Assets/resources/img/start_sample2_navy.jpg
  artifactKey: Guid(c6982e61ec16b9744b963b5c9c898b30) Importer(815301076,1909f56bfc062723c751e8b465ee728b)
Start importing Assets/resources/img/start_sample2_navy.jpg using Guid(c6982e61ec16b9744b963b5c9c898b30) Importer(815301076,1909f56bfc062723c751e8b465ee728b)  -> (artifact id: 'fdeae13d5ecedf174cf34be623ecc0c3') in 0.016915 seconds 
========================================================================
Received Import Request.
  Time since last request: 0.000019 seconds.
  path: Assets/resources/img/stormydays_loading.png
  artifactKey: Guid(0dcf11fbbcb6e734b99fb1ff9308de0e) Importer(815301076,1909f56bfc062723c751e8b465ee728b)
Start importing Assets/resources/img/stormydays_loading.png using Guid(0dcf11fbbcb6e734b99fb1ff9308de0e) Importer(815301076,1909f56bfc062723c751e8b465ee728b)  -> (artifact id: '5ec67ac77407875ae57031ec92b4e23c') in 0.053286 seconds 
========================================================================
Received Import Request.
  Time since last request: 0.000019 seconds.
  path: Assets/resources/img/start_sample3.jpg
  artifactKey: Guid(604e01f804499534b8fab3aa519573c5) Importer(815301076,1909f56bfc062723c751e8b465ee728b)
Start importing Assets/resources/img/start_sample3.jpg using Guid(604e01f804499534b8fab3aa519573c5) Importer(815301076,1909f56bfc062723c751e8b465ee728b)  -> (artifact id: 'ce9c06fa173a55741774287a071786a1') in 0.015214 seconds 
========================================================================
Received Import Request.
  Time since last request: 0.000020 seconds.
  path: Assets/resources/img/thunder.png
  artifactKey: Guid(2c0adaa23c2abdd4f9e8a9fccab78279) Importer(815301076,1909f56bfc062723c751e8b465ee728b)
Start importing Assets/resources/img/thunder.png using Guid(2c0adaa23c2abdd4f9e8a9fccab78279) Importer(815301076,1909f56bfc062723c751e8b465ee728b)  -> (artifact id: '91d049aaa680c65a61eb45b444ce74af') in 0.018654 seconds 
========================================================================
Received Import Request.
  Time since last request: 0.000026 seconds.
  path: Assets/resources/img/tCloud2.png
  artifactKey: Guid(7165db8b17ffe5d49941868bc8cd402c) Importer(815301076,1909f56bfc062723c751e8b465ee728b)
Start importing Assets/resources/img/tCloud2.png using Guid(7165db8b17ffe5d49941868bc8cd402c) Importer(815301076,1909f56bfc062723c751e8b465ee728b)  -> (artifact id: '70dcbce02210b52b4867a74cdd63f68f') in 0.012726 seconds 
========================================================================
Received Import Request.
  Time since last request: 0.000021 seconds.
  path: Assets/resources/img/thunder2.png
  artifactKey: Guid(f7791b752e0e00948b7adda2de968940) Importer(815301076,1909f56bfc062723c751e8b465ee728b)
Start importing Assets/resources/img/thunder2.png using Guid(f7791b752e0e00948b7adda2de968940) Importer(815301076,1909f56bfc062723c751e8b465ee728b)  -> (artifact id: '16baa1c914ad5410bf16f78564eb849c') in 0.020623 seconds 
Editor requested this worker to shutdown with reason: Scaling down because of idle timeout
AssetImportWorker is now disconnected from the server
Process exiting
Exiting without the bug reporter. Application will terminate with return code 0