Using pre-set license
Built from '2021.3/staging' branch; Version is '2021.3.16f1 (4016570cf34f) revision 4200023'; Using compiler version '192829333'; Build Type 'Release'
OS: 'Windows 11  (10.0.22621) 64bit Professional' Language: 'ko' Physical Memory: 49077 MB
BatchMode: 1, IsHumanControllingUs: 0, StartBugReporterOnCrash: 0, Is64bit: 1, IsPro: 1

COMMAND LINE ARGUMENTS:
C:\Program Files\Unity\Hub\Editor\2021.3.16f1\Editor\Unity.exe
-adb2
-batchMode
-noUpm
-name
AssetImportWorker2
-projectPath
C:/WorkSpace/RainyDay
-logFile
Logs/AssetImportWorker2.log
-srvPort
10278
Successfully changed project path to: C:/WorkSpace/RainyDay
C:/WorkSpace/RainyDay
[UnityMemory] Configuration Parameters - Can be set up in boot.config
    "memorysetup-bucket-allocator-granularity=16"
    "memorysetup-bucket-allocator-bucket-count=8"
    "memorysetup-bucket-allocator-block-size=33554432"
    "memorysetup-bucket-allocator-block-count=8"
    "memorysetup-main-allocator-block-size=16777216"
    "memorysetup-thread-allocator-block-size=16777216"
    "memorysetup-gfx-main-allocator-block-size=16777216"
    "memorysetup-gfx-thread-allocator-block-size=16777216"
    "memorysetup-cache-allocator-block-size=4194304"
    "memorysetup-typetree-allocator-block-size=2097152"
    "memorysetup-profiler-bucket-allocator-granularity=16"
    "memorysetup-profiler-bucket-allocator-bucket-count=8"
    "memorysetup-profiler-bucket-allocator-block-size=33554432"
    "memorysetup-profiler-bucket-allocator-block-count=8"
    "memorysetup-profiler-allocator-block-size=16777216"
    "memorysetup-profiler-editor-allocator-block-size=1048576"
    "memorysetup-temp-allocator-size-main=16777216"
    "memorysetup-job-temp-allocator-block-size=2097152"
    "memorysetup-job-temp-allocator-block-size-background=1048576"
    "memorysetup-job-temp-allocator-reduction-small-platforms=262144"
    "memorysetup-temp-allocator-size-background-worker=32768"
    "memorysetup-temp-allocator-size-job-worker=262144"
    "memorysetup-temp-allocator-size-preload-manager=33554432"
    "memorysetup-temp-allocator-size-nav-mesh-worker=65536"
    "memorysetup-temp-allocator-size-audio-worker=65536"
    "memorysetup-temp-allocator-size-cloud-worker=32768"
    "memorysetup-temp-allocator-size-gi-baking-worker=262144"
    "memorysetup-temp-allocator-size-gfx=262144"
Player connection [87148] Host "[IP] 192.168.0.2 [Port] 0 [Flags] 2 [Guid] 1290987209 [EditorId] 1290987209 [Version] 1048832 [Id] WindowsEditor(7,DESKTOP-GSLMAIN) [Debug] 1 [PackageName] WindowsEditor [ProjectName] Editor" joined multi-casting on [225.0.0.222:54997]...

Player connection [87148] Host "[IP] 192.168.0.2 [Port] 0 [Flags] 2 [Guid] 1290987209 [EditorId] 1290987209 [Version] 1048832 [Id] WindowsEditor(7,DESKTOP-GSLMAIN) [Debug] 1 [PackageName] WindowsEditor [ProjectName] Editor" joined alternative multi-casting on [225.0.0.222:34997]...

Refreshing native plugins compatible for Editor in 58.94 ms, found 3 plugins.
Preloading 0 native plugins for Editor in 0.00 ms.
Initialize engine version: 2021.3.16f1 (4016570cf34f)
[Subsystems] Discovering subsystems at path C:/Program Files/Unity/Hub/Editor/2021.3.16f1/Editor/Data/Resources/UnitySubsystems
[Subsystems] Discovering subsystems at path C:/WorkSpace/RainyDay/Assets
GfxDevice: creating device client; threaded=0; jobified=0
Direct3D:
    Version:  Direct3D 11.0 [level 11.1]
    Renderer: AMD Radeon RX 6800 (ID=0x73bf)
    Vendor:   ATI
    VRAM:     16338 MB
    Driver:   31.0.12029.10015
Initialize mono
Mono path[0] = 'C:/Program Files/Unity/Hub/Editor/2021.3.16f1/Editor/Data/Managed'
Mono path[1] = 'C:/Program Files/Unity/Hub/Editor/2021.3.16f1/Editor/Data/MonoBleedingEdge/lib/mono/unityjit-win32'
Mono config path = 'C:/Program Files/Unity/Hub/Editor/2021.3.16f1/Editor/Data/MonoBleedingEdge/etc'
Using monoOptions --debugger-agent=transport=dt_socket,embedding=1,server=y,suspend=n,address=127.0.0.1:56300
Begin MonoManager ReloadAssembly
Registering precompiled unity dll's ...
Register platform support module: C:/Program Files/Unity/Hub/Editor/2021.3.16f1/Editor/Data/PlaybackEngines/AndroidPlayer/UnityEditor.Android.Extensions.dll
Register platform support module: C:/Program Files/Unity/Hub/Editor/2021.3.16f1/Editor/Data/PlaybackEngines/iOSSupport/UnityEditor.iOS.Extensions.dll
Register platform support module: C:/Program Files/Unity/Hub/Editor/2021.3.16f1/Editor/Data/PlaybackEngines/WindowsStandaloneSupport/UnityEditor.WindowsStandalone.Extensions.dll
Registered in 0.013589 seconds.
Native extension for WindowsStandalone target not found
[usbmuxd] Start listen thread
[usbmuxd] Listen thread started
Native extension for iOS target not found
Native extension for Android target not found
Refreshing native plugins compatible for Editor in 58.90 ms, found 3 plugins.
Preloading 0 native plugins for Editor in 0.00 ms.
Mono: successfully reloaded assembly
- Completed reload, in  0.754 seconds
Domain Reload Profiling:
	ReloadAssembly (754ms)
		BeginReloadAssembly (109ms)
			ExecutionOrderSort (0ms)
			DisableScriptedObjects (0ms)
			BackupInstance (0ms)
			ReleaseScriptingObjects (0ms)
			CreateAndSetChildDomain (1ms)
		EndReloadAssembly (517ms)
			LoadAssemblies (104ms)
			RebuildTransferFunctionScriptingTraits (0ms)
			SetupTypeCache (121ms)
			ReleaseScriptCaches (0ms)
			RebuildScriptCaches (35ms)
			SetupLoadedEditorAssemblies (285ms)
				LogAssemblyErrors (0ms)
				InitializePlatformSupportModulesInManaged (59ms)
				SetLoadedEditorAssemblies (0ms)
				RefreshPlugins (59ms)
				BeforeProcessingInitializeOnLoad (2ms)
				ProcessInitializeOnLoadAttributes (110ms)
				ProcessInitializeOnLoadMethodAttributes (54ms)
				AfterProcessingInitializeOnLoad (0ms)
				EditorAssembliesLoaded (0ms)
			ExecutionOrderSort2 (0ms)
			AwakeInstancesAfterBackupRestoration (0ms)
Platform modules already initialized, skipping
Registering precompiled user dll's ...
Registered in 0.011811 seconds.
Begin MonoManager ReloadAssembly
Symbol file LoadedFromMemory doesn't match image C:\WorkSpace\RainyDay\Library\PackageCache\com.unity.visualscripting@1.7.8\Editor\VisualScripting.Core\Dependencies\YamlDotNet\Unity.VisualScripting.YamlDotNet.dll
Symbol file LoadedFromMemory doesn't match image C:\WorkSpace\RainyDay\Library\PackageCache\com.unity.visualscripting@1.7.8\Editor\VisualScripting.Core\Dependencies\DotNetZip\Unity.VisualScripting.IonicZip.dll
Native extension for WindowsStandalone target not found
Native extension for iOS target not found
Native extension for Android target not found
Refreshing native plugins compatible for Editor in 0.63 ms, found 3 plugins.
Preloading 0 native plugins for Editor in 0.00 ms.
Mono: successfully reloaded assembly
- Completed reload, in  0.966 seconds
Domain Reload Profiling:
	ReloadAssembly (966ms)
		BeginReloadAssembly (228ms)
			ExecutionOrderSort (0ms)
			DisableScriptedObjects (5ms)
			BackupInstance (0ms)
			ReleaseScriptingObjects (0ms)
			CreateAndSetChildDomain (129ms)
		EndReloadAssembly (640ms)
			LoadAssemblies (101ms)
			RebuildTransferFunctionScriptingTraits (0ms)
			SetupTypeCache (179ms)
			ReleaseScriptCaches (1ms)
			RebuildScriptCaches (38ms)
			SetupLoadedEditorAssemblies (298ms)
				LogAssemblyErrors (0ms)
				InitializePlatformSupportModulesInManaged (20ms)
				SetLoadedEditorAssemblies (0ms)
				RefreshPlugins (1ms)
				BeforeProcessingInitializeOnLoad (67ms)
				ProcessInitializeOnLoadAttributes (176ms)
				ProcessInitializeOnLoadMethodAttributes (20ms)
				AfterProcessingInitializeOnLoad (15ms)
				EditorAssembliesLoaded (0ms)
			ExecutionOrderSort2 (0ms)
			AwakeInstancesAfterBackupRestoration (9ms)
Platform modules already initialized, skipping
========================================================================
Worker process is ready to serve import requests
Launched and connected shader compiler UnityShaderCompiler.exe after 0.05 seconds
Refreshing native plugins compatible for Editor in 0.65 ms, found 3 plugins.
Preloading 0 native plugins for Editor in 0.00 ms.
Unloading 3257 Unused Serialized files (Serialized files now loaded: 0)
Unloading 26 unused Assets / (56.1 KB). Loaded Objects now: 3715.
Memory consumption went from 118.1 MB to 118.1 MB.
Total: 2.856800 ms (FindLiveObjects: 0.245800 ms CreateObjectMapping: 0.124000 ms MarkObjects: 2.404100 ms  DeleteObjects: 0.081700 ms)

AssetImportParameters requested are different than current active one (requested -> active):
  custom:video-decoder-ogg-theora: a1e56fd34408186e4bbccfd4996cb3dc -> 
  custom:container-muxer-webm: aa71ff27fc2769a1b78a27578f13a17b -> 
  custom:container-demuxer-webm: 4f35f7cbe854078d1ac9338744f61a02 -> 
  custom:video-encoder-webm-vp8: eb34c28f22e8b96e1ab97ce403110664 -> 
  custom:audio-encoder-webm-vorbis: bf7c407c2cedff20999df2af8eb42d56 -> 
  custom:framework-win-MediaFoundation: 216162199b28c13a410421893ffa2e32 -> 
  custom:container-demuxer-ogg: 62fdf1f143b41e24485cea50d1cbac27 -> 
  custom:video-decoder-webm-vp8: 9c59270c3fd7afecdb556c50c9e8de78 -> 
  custom:audio-decoder-ogg-vorbis: bf7c407c2cedff20999df2af8eb42d56 -> 
========================================================================
Received Import Request.
  Time since last request: 1463326.789185 seconds.
  path: Assets/resources/img/icon.png
  artifactKey: Guid(f5d97a708f8662c4794c62c59744e0bd) Importer(815301076,1909f56bfc062723c751e8b465ee728b)
Start importing Assets/resources/img/icon.png using Guid(f5d97a708f8662c4794c62c59744e0bd) Importer(815301076,1909f56bfc062723c751e8b465ee728b)  -> (artifact id: 'a6a46001eb934759dd82103c826e4fbb') in 0.158207 seconds 
========================================================================
Received Import Request.
  Time since last request: 0.000027 seconds.
  path: Assets/resources/img/raindrop2.png
  artifactKey: Guid(4426d45ebc8ac2c44acccf0b033060ee) Importer(815301076,1909f56bfc062723c751e8b465ee728b)
Start importing Assets/resources/img/raindrop2.png using Guid(4426d45ebc8ac2c44acccf0b033060ee) Importer(815301076,1909f56bfc062723c751e8b465ee728b)  -> (artifact id: 'a5eae5066787cfc82a6c7bcc46cdc7cc') in 0.010764 seconds 
========================================================================
Received Import Request.
  Time since last request: 0.000035 seconds.
  path: Assets/resources/img/run2A.png
  artifactKey: Guid(32c604972f921e84cb25a22a964277b9) Importer(815301076,1909f56bfc062723c751e8b465ee728b)
Start importing Assets/resources/img/run2A.png using Guid(32c604972f921e84cb25a22a964277b9) Importer(815301076,1909f56bfc062723c751e8b465ee728b)  -> (artifact id: '804ab5be7ee904d19e94cb70e66c5a88') in 0.011869 seconds 
========================================================================
Received Import Request.
  Time since last request: 0.000020 seconds.
  path: Assets/resources/img/run1AC.png
  artifactKey: Guid(212153da69011bd4dbf7ef26bbd1d424) Importer(815301076,1909f56bfc062723c751e8b465ee728b)
Start importing Assets/resources/img/run1AC.png using Guid(212153da69011bd4dbf7ef26bbd1d424) Importer(815301076,1909f56bfc062723c751e8b465ee728b)  -> (artifact id: 'eb72cae9fd56681556941c1d8de39ff0') in 0.011441 seconds 
========================================================================
Received Import Request.
  Time since last request: 0.000025 seconds.
  path: Assets/resources/img/wall.png
  artifactKey: Guid(03dc9fea0d429cf48b470ab48921a033) Importer(815301076,1909f56bfc062723c751e8b465ee728b)
Start importing Assets/resources/img/wall.png using Guid(03dc9fea0d429cf48b470ab48921a033) Importer(815301076,1909f56bfc062723c751e8b465ee728b)  -> (artifact id: 'd59f50a4ef77e7f9bca8a0ca65a5160d') in 0.015341 seconds 
========================================================================
Received Import Request.
  Time since last request: 0.000018 seconds.
  path: Assets/resources/img/run12.png
  artifactKey: Guid(306352fbf2b85de4db9e1c999417222d) Importer(815301076,1909f56bfc062723c751e8b465ee728b)
Start importing Assets/resources/img/run12.png using Guid(306352fbf2b85de4db9e1c999417222d) Importer(815301076,1909f56bfc062723c751e8b465ee728b)  -> (artifact id: '0fe92b79eddf0143dd2abd84d0349d81') in 0.011657 seconds 
========================================================================
Received Import Request.
  Time since last request: 0.000018 seconds.
  path: Assets/resources/img/lun12AC.png
  artifactKey: Guid(aeb5b58b9fd80ee4bb8d36902f1d5fa4) Importer(815301076,1909f56bfc062723c751e8b465ee728b)
Start importing Assets/resources/img/lun12AC.png using Guid(aeb5b58b9fd80ee4bb8d36902f1d5fa4) Importer(815301076,1909f56bfc062723c751e8b465ee728b)  -> (artifact id: '060d8be8693a2acd652eee4167ea4282') in 0.010381 seconds 
========================================================================
Received Import Request.
  Time since last request: 0.000018 seconds.
  path: Assets/resources/img/raindropA.png
  artifactKey: Guid(24f4cbf2196c32c43957abf3b278cd6c) Importer(815301076,1909f56bfc062723c751e8b465ee728b)
Start importing Assets/resources/img/raindropA.png using Guid(24f4cbf2196c32c43957abf3b278cd6c) Importer(815301076,1909f56bfc062723c751e8b465ee728b)  -> (artifact id: '1294615f0829529ca20c4c5369291f2c') in 0.013220 seconds 
========================================================================
Received Import Request.
  Time since last request: 0.000015 seconds.
  path: Assets/resources/img/start_sample2_navy.jpg
  artifactKey: Guid(c6982e61ec16b9744b963b5c9c898b30) Importer(815301076,1909f56bfc062723c751e8b465ee728b)
Start importing Assets/resources/img/start_sample2_navy.jpg using Guid(c6982e61ec16b9744b963b5c9c898b30) Importer(815301076,1909f56bfc062723c751e8b465ee728b)  -> (artifact id: '84967e2fc2bc37268a3da4645a93724f') in 0.025005 seconds 
========================================================================
Received Import Request.
  Time since last request: 0.000024 seconds.
  path: Assets/resources/img/raindrop80.png
  artifactKey: Guid(b0659fae93622654484473c118b50b7f) Importer(815301076,1909f56bfc062723c751e8b465ee728b)
Start importing Assets/resources/img/raindrop80.png using Guid(b0659fae93622654484473c118b50b7f) Importer(815301076,1909f56bfc062723c751e8b465ee728b)  -> (artifact id: '0473934ba904b1de518dbf77c92e9cdc') in 0.010320 seconds 
========================================================================
Received Import Request.
  Time since last request: 0.000022 seconds.
  path: Assets/resources/img/LAND_LOGO_navy.png
  artifactKey: Guid(a3c314ac4793c1344b6143ac7bddf17d) Importer(815301076,1909f56bfc062723c751e8b465ee728b)
Start importing Assets/resources/img/LAND_LOGO_navy.png using Guid(a3c314ac4793c1344b6143ac7bddf17d) Importer(815301076,1909f56bfc062723c751e8b465ee728b)  -> (artifact id: '409e58eeffc4cc41e2dc9999e9e28977') in 0.015333 seconds 
========================================================================
Received Import Request.
  Time since last request: 0.000017 seconds.
  path: Assets/resources/img/run1.png
  artifactKey: Guid(98216db8fcb3cb74094bd4c4d071d6c7) Importer(815301076,1909f56bfc062723c751e8b465ee728b)
Start importing Assets/resources/img/run1.png using Guid(98216db8fcb3cb74094bd4c4d071d6c7) Importer(815301076,1909f56bfc062723c751e8b465ee728b)  -> (artifact id: '0f8bf5116b1949e4aaa39c635980bc58') in 0.010422 seconds 
========================================================================
Received Import Request.
  Time since last request: 0.000019 seconds.
  path: Assets/resources/img/run1A.png
  artifactKey: Guid(733b6dc5f2987994898213947afe0ece) Importer(815301076,1909f56bfc062723c751e8b465ee728b)
Start importing Assets/resources/img/run1A.png using Guid(733b6dc5f2987994898213947afe0ece) Importer(815301076,1909f56bfc062723c751e8b465ee728b)  -> (artifact id: '1f36e2128e11ed03cbafc69985434254') in 0.011737 seconds 
========================================================================
Received Import Request.
  Time since last request: 0.000026 seconds.
  path: Assets/resources/img/tCloud2.png
  artifactKey: Guid(7165db8b17ffe5d49941868bc8cd402c) Importer(815301076,1909f56bfc062723c751e8b465ee728b)
Start importing Assets/resources/img/tCloud2.png using Guid(7165db8b17ffe5d49941868bc8cd402c) Importer(815301076,1909f56bfc062723c751e8b465ee728b)  -> (artifact id: '346a56646a073f76b15ecf8ba462481b') in 0.013915 seconds 
========================================================================
Received Import Request.
  Time since last request: 0.000030 seconds.
  path: Assets/resources/img/raindrop2A.png
  artifactKey: Guid(bc4ec796a484b954e99392c558e2a8e1) Importer(815301076,1909f56bfc062723c751e8b465ee728b)
Start importing Assets/resources/img/raindrop2A.png using Guid(bc4ec796a484b954e99392c558e2a8e1) Importer(815301076,1909f56bfc062723c751e8b465ee728b)  -> (artifact id: 'ea4eef9de719f955247d435e8d7dc894') in 0.012584 seconds 
========================================================================
Received Import Request.
  Time since last request: 0.000023 seconds.
  path: Assets/resources/img/run2AC.png
  artifactKey: Guid(6e9f463ba65667c43a22147c0efc9eff) Importer(815301076,1909f56bfc062723c751e8b465ee728b)
Start importing Assets/resources/img/run2AC.png using Guid(6e9f463ba65667c43a22147c0efc9eff) Importer(815301076,1909f56bfc062723c751e8b465ee728b)  -> (artifact id: '9ab6791e01c1fe7e4a02cb1eede54f05') in 0.015390 seconds 
========================================================================
Received Import Request.
  Time since last request: 0.000029 seconds.
  path: Assets/resources/img/raindrop70.png
  artifactKey: Guid(5fe4e2c766746704f976523d6f3a1b63) Importer(815301076,1909f56bfc062723c751e8b465ee728b)
Start importing Assets/resources/img/raindrop70.png using Guid(5fe4e2c766746704f976523d6f3a1b63) Importer(815301076,1909f56bfc062723c751e8b465ee728b)  -> (artifact id: 'b40265194b9d9cc79518ecd44b17428c') in 0.010791 seconds 
========================================================================
Received Import Request.
  Time since last request: 0.000031 seconds.
  path: Assets/resources/img/lun12.png
  artifactKey: Guid(7ffbfafaa96dc5242bff1e663374cb84) Importer(815301076,1909f56bfc062723c751e8b465ee728b)
Start importing Assets/resources/img/lun12.png using Guid(7ffbfafaa96dc5242bff1e663374cb84) Importer(815301076,1909f56bfc062723c751e8b465ee728b)  -> (artifact id: '757cb10a44f59f9af2252020775ffb8f') in 0.014097 seconds 
========================================================================
Received Import Request.
  Time since last request: 82808.266542 seconds.
  path: Assets/resources/prefab/cloud1.prefab
  artifactKey: Guid(42c946b7be772354e9598b86e4dc9efa) Importer(815301076,1909f56bfc062723c751e8b465ee728b)
Start importing Assets/resources/prefab/cloud1.prefab using Guid(42c946b7be772354e9598b86e4dc9efa) Importer(815301076,1909f56bfc062723c751e8b465ee728b)  -> (artifact id: '0585006c97696112bc5acb99b037354d') in 0.158625 seconds 
========================================================================
Received Import Request.
  Time since last request: 0.000177 seconds.
  path: Assets/resources/prefab/tCloud.prefab
  artifactKey: Guid(97f576319567c5d42a37b122a547323e) Importer(815301076,1909f56bfc062723c751e8b465ee728b)
Start importing Assets/resources/prefab/tCloud.prefab using Guid(97f576319567c5d42a37b122a547323e) Importer(815301076,1909f56bfc062723c751e8b465ee728b)  -> (artifact id: 'b17cb0f3dd9946ffe084fad838a11689') in 0.009972 seconds 
========================================================================
Received Prepare
Registering precompiled user dll's ...
Registered in 0.011707 seconds.
Begin MonoManager ReloadAssembly
Symbol file LoadedFromMemory doesn't match image C:\WorkSpace\RainyDay\Library\PackageCache\com.unity.visualscripting@1.7.8\Editor\VisualScripting.Core\Dependencies\YamlDotNet\Unity.VisualScripting.YamlDotNet.dll
Symbol file LoadedFromMemory doesn't match image C:\WorkSpace\RainyDay\Library\PackageCache\com.unity.visualscripting@1.7.8\Editor\VisualScripting.Core\Dependencies\DotNetZip\Unity.VisualScripting.IonicZip.dll
Native extension for WindowsStandalone target not found
Native extension for iOS target not found
Native extension for Android target not found
Refreshing native plugins compatible for Editor in 0.61 ms, found 3 plugins.
Preloading 0 native plugins for Editor in 0.00 ms.
Mono: successfully reloaded assembly
- Completed reload, in  0.943 seconds
Domain Reload Profiling:
	ReloadAssembly (943ms)
		BeginReloadAssembly (217ms)
			ExecutionOrderSort (0ms)
			DisableScriptedObjects (7ms)
			BackupInstance (0ms)
			ReleaseScriptingObjects (0ms)
			CreateAndSetChildDomain (80ms)
		EndReloadAssembly (635ms)
			LoadAssemblies (130ms)
			RebuildTransferFunctionScriptingTraits (0ms)
			SetupTypeCache (184ms)
			ReleaseScriptCaches (1ms)
			RebuildScriptCaches (33ms)
			SetupLoadedEditorAssemblies (279ms)
				LogAssemblyErrors (0ms)
				InitializePlatformSupportModulesInManaged (28ms)
				SetLoadedEditorAssemblies (0ms)
				RefreshPlugins (1ms)
				BeforeProcessingInitializeOnLoad (59ms)
				ProcessInitializeOnLoadAttributes (154ms)
				ProcessInitializeOnLoadMethodAttributes (19ms)
				AfterProcessingInitializeOnLoad (18ms)
				EditorAssembliesLoaded (0ms)
			ExecutionOrderSort2 (0ms)
			AwakeInstancesAfterBackupRestoration (10ms)
Platform modules already initialized, skipping
Refreshing native plugins compatible for Editor in 3.17 ms, found 3 plugins.
Preloading 0 native plugins for Editor in 0.00 ms.
Unloading 3238 Unused Serialized files (Serialized files now loaded: 0)
Unloading 19 unused Assets / (24.6 KB). Loaded Objects now: 3751.
Memory consumption went from 120.9 MB to 120.9 MB.
Total: 3.696800 ms (FindLiveObjects: 0.228200 ms CreateObjectMapping: 0.132200 ms MarkObjects: 3.276800 ms  DeleteObjects: 0.058900 ms)

AssetImportParameters requested are different than current active one (requested -> active):
  custom:video-decoder-ogg-theora: a1e56fd34408186e4bbccfd4996cb3dc -> 
  custom:container-muxer-webm: aa71ff27fc2769a1b78a27578f13a17b -> 
  custom:container-demuxer-webm: 4f35f7cbe854078d1ac9338744f61a02 -> 
  custom:video-encoder-webm-vp8: eb34c28f22e8b96e1ab97ce403110664 -> 
  custom:audio-encoder-webm-vorbis: bf7c407c2cedff20999df2af8eb42d56 -> 
  custom:framework-win-MediaFoundation: 216162199b28c13a410421893ffa2e32 -> 
  custom:container-demuxer-ogg: 62fdf1f143b41e24485cea50d1cbac27 -> 
  custom:video-decoder-webm-vp8: 9c59270c3fd7afecdb556c50c9e8de78 -> 
  custom:audio-decoder-ogg-vorbis: bf7c407c2cedff20999df2af8eb42d56 -> 
========================================================================
Received Prepare
Registering precompiled user dll's ...
Registered in 0.010607 seconds.
Begin MonoManager ReloadAssembly
Symbol file LoadedFromMemory doesn't match image C:\WorkSpace\RainyDay\Library\PackageCache\com.unity.visualscripting@1.7.8\Editor\VisualScripting.Core\Dependencies\YamlDotNet\Unity.VisualScripting.YamlDotNet.dll
Symbol file LoadedFromMemory doesn't match image C:\WorkSpace\RainyDay\Library\PackageCache\com.unity.visualscripting@1.7.8\Editor\VisualScripting.Core\Dependencies\DotNetZip\Unity.VisualScripting.IonicZip.dll
Native extension for WindowsStandalone target not found
Native extension for iOS target not found
Native extension for Android target not found
Refreshing native plugins compatible for Editor in 0.67 ms, found 3 plugins.
Preloading 0 native plugins for Editor in 0.00 ms.
Mono: successfully reloaded assembly
- Completed reload, in  0.876 seconds
Domain Reload Profiling:
	ReloadAssembly (876ms)
		BeginReloadAssembly (143ms)
			ExecutionOrderSort (0ms)
			DisableScriptedObjects (5ms)
			BackupInstance (0ms)
			ReleaseScriptingObjects (0ms)
			CreateAndSetChildDomain (36ms)
		EndReloadAssembly (646ms)
			LoadAssemblies (109ms)
			RebuildTransferFunctionScriptingTraits (0ms)
			SetupTypeCache (186ms)
			ReleaseScriptCaches (1ms)
			RebuildScriptCaches (39ms)
			SetupLoadedEditorAssemblies (281ms)
				LogAssemblyErrors (0ms)
				InitializePlatformSupportModulesInManaged (31ms)
				SetLoadedEditorAssemblies (0ms)
				RefreshPlugins (1ms)
				BeforeProcessingInitializeOnLoad (56ms)
				ProcessInitializeOnLoadAttributes (155ms)
				ProcessInitializeOnLoadMethodAttributes (23ms)
				AfterProcessingInitializeOnLoad (15ms)
				EditorAssembliesLoaded (0ms)
			ExecutionOrderSort2 (0ms)
			AwakeInstancesAfterBackupRestoration (10ms)
Platform modules already initialized, skipping
Refreshing native plugins compatible for Editor in 3.12 ms, found 3 plugins.
Preloading 0 native plugins for Editor in 0.00 ms.
Unloading 3238 Unused Serialized files (Serialized files now loaded: 0)
Unloading 19 unused Assets / (24.6 KB). Loaded Objects now: 3754.
Memory consumption went from 121.0 MB to 120.9 MB.
Total: 2.741000 ms (FindLiveObjects: 0.224000 ms CreateObjectMapping: 0.126800 ms MarkObjects: 2.369500 ms  DeleteObjects: 0.020100 ms)

AssetImportParameters requested are different than current active one (requested -> active):
  custom:video-decoder-ogg-theora: a1e56fd34408186e4bbccfd4996cb3dc -> 
  custom:container-muxer-webm: aa71ff27fc2769a1b78a27578f13a17b -> 
  custom:container-demuxer-webm: 4f35f7cbe854078d1ac9338744f61a02 -> 
  custom:video-encoder-webm-vp8: eb34c28f22e8b96e1ab97ce403110664 -> 
  custom:audio-encoder-webm-vorbis: bf7c407c2cedff20999df2af8eb42d56 -> 
  custom:framework-win-MediaFoundation: 216162199b28c13a410421893ffa2e32 -> 
  custom:container-demuxer-ogg: 62fdf1f143b41e24485cea50d1cbac27 -> 
  custom:video-decoder-webm-vp8: 9c59270c3fd7afecdb556c50c9e8de78 -> 
  custom:audio-decoder-ogg-vorbis: bf7c407c2cedff20999df2af8eb42d56 -> 
