Using pre-set license
Built from '2021.3/staging' branch; Version is '2021.3.16f1 (4016570cf34f) revision 4200023'; Using compiler version '192829333'; Build Type 'Release'
OS: 'Windows 11  (10.0.22621) 64bit Professional' Language: 'ko' Physical Memory: 49077 MB
BatchMode: 1, IsHumanControllingUs: 0, StartBugReporterOnCrash: 0, Is64bit: 1, IsPro: 1

COMMAND LINE ARGUMENTS:
C:\Program Files\Unity\Hub\Editor\2021.3.16f1\Editor\Unity.exe
-adb2
-batchMode
-noUpm
-name
AssetImportWorker0
-projectPath
C:/WorkSpace/RainyDay
-logFile
Logs/AssetImportWorker0.log
-srvPort
14112
Successfully changed project path to: C:/WorkSpace/RainyDay
C:/WorkSpace/RainyDay
[UnityMemory] Configuration Parameters - Can be set up in boot.config
    "memorysetup-bucket-allocator-granularity=16"
    "memorysetup-bucket-allocator-bucket-count=8"
    "memorysetup-bucket-allocator-block-size=33554432"
    "memorysetup-bucket-allocator-block-count=8"
    "memorysetup-main-allocator-block-size=16777216"
    "memorysetup-thread-allocator-block-size=16777216"
    "memorysetup-gfx-main-allocator-block-size=16777216"
    "memorysetup-gfx-thread-allocator-block-size=16777216"
    "memorysetup-cache-allocator-block-size=4194304"
    "memorysetup-typetree-allocator-block-size=2097152"
    "memorysetup-profiler-bucket-allocator-granularity=16"
    "memorysetup-profiler-bucket-allocator-bucket-count=8"
    "memorysetup-profiler-bucket-allocator-block-size=33554432"
    "memorysetup-profiler-bucket-allocator-block-count=8"
    "memorysetup-profiler-allocator-block-size=16777216"
    "memorysetup-profiler-editor-allocator-block-size=1048576"
    "memorysetup-temp-allocator-size-main=16777216"
    "memorysetup-job-temp-allocator-block-size=2097152"
    "memorysetup-job-temp-allocator-block-size-background=1048576"
    "memorysetup-job-temp-allocator-reduction-small-platforms=262144"
    "memorysetup-temp-allocator-size-background-worker=32768"
    "memorysetup-temp-allocator-size-job-worker=262144"
    "memorysetup-temp-allocator-size-preload-manager=33554432"
    "memorysetup-temp-allocator-size-nav-mesh-worker=65536"
    "memorysetup-temp-allocator-size-audio-worker=65536"
    "memorysetup-temp-allocator-size-cloud-worker=32768"
    "memorysetup-temp-allocator-size-gi-baking-worker=262144"
    "memorysetup-temp-allocator-size-gfx=262144"
Player connection [15952] Host "[IP] 192.168.0.2 [Port] 0 [Flags] 2 [Guid] 30770283 [EditorId] 30770283 [Version] 1048832 [Id] WindowsEditor(7,DESKTOP-GSLMAIN) [Debug] 1 [PackageName] WindowsEditor [ProjectName] Editor" joined multi-casting on [225.0.0.222:54997]...

Player connection [15952] Host "[IP] 192.168.0.2 [Port] 0 [Flags] 2 [Guid] 30770283 [EditorId] 30770283 [Version] 1048832 [Id] WindowsEditor(7,DESKTOP-GSLMAIN) [Debug] 1 [PackageName] WindowsEditor [ProjectName] Editor" joined alternative multi-casting on [225.0.0.222:34997]...

Refreshing native plugins compatible for Editor in 55.68 ms, found 3 plugins.
Preloading 0 native plugins for Editor in 0.00 ms.
Initialize engine version: 2021.3.16f1 (4016570cf34f)
[Subsystems] Discovering subsystems at path C:/Program Files/Unity/Hub/Editor/2021.3.16f1/Editor/Data/Resources/UnitySubsystems
[Subsystems] Discovering subsystems at path C:/WorkSpace/RainyDay/Assets
GfxDevice: creating device client; threaded=0; jobified=0
Direct3D:
    Version:  Direct3D 11.0 [level 11.1]
    Renderer: AMD Radeon RX 6800 (ID=0x73bf)
    Vendor:   ATI
    VRAM:     16338 MB
    Driver:   31.0.12029.10015
Initialize mono
Mono path[0] = 'C:/Program Files/Unity/Hub/Editor/2021.3.16f1/Editor/Data/Managed'
Mono path[1] = 'C:/Program Files/Unity/Hub/Editor/2021.3.16f1/Editor/Data/MonoBleedingEdge/lib/mono/unityjit-win32'
Mono config path = 'C:/Program Files/Unity/Hub/Editor/2021.3.16f1/Editor/Data/MonoBleedingEdge/etc'
Using monoOptions --debugger-agent=transport=dt_socket,embedding=1,server=y,suspend=n,address=127.0.0.1:56804
Begin MonoManager ReloadAssembly
Registering precompiled unity dll's ...
Register platform support module: C:/Program Files/Unity/Hub/Editor/2021.3.16f1/Editor/Data/PlaybackEngines/AndroidPlayer/UnityEditor.Android.Extensions.dll
Register platform support module: C:/Program Files/Unity/Hub/Editor/2021.3.16f1/Editor/Data/PlaybackEngines/iOSSupport/UnityEditor.iOS.Extensions.dll
Register platform support module: C:/Program Files/Unity/Hub/Editor/2021.3.16f1/Editor/Data/PlaybackEngines/WindowsStandaloneSupport/UnityEditor.WindowsStandalone.Extensions.dll
Registered in 0.010082 seconds.
Native extension for WindowsStandalone target not found
[usbmuxd] Start listen thread
[usbmuxd] Listen thread started
Native extension for iOS target not found
Native extension for Android target not found
Refreshing native plugins compatible for Editor in 63.42 ms, found 3 plugins.
Preloading 0 native plugins for Editor in 0.00 ms.
Mono: successfully reloaded assembly
- Completed reload, in  0.652 seconds
Domain Reload Profiling:
	ReloadAssembly (653ms)
		BeginReloadAssembly (75ms)
			ExecutionOrderSort (0ms)
			DisableScriptedObjects (0ms)
			BackupInstance (0ms)
			ReleaseScriptingObjects (0ms)
			CreateAndSetChildDomain (1ms)
		EndReloadAssembly (459ms)
			LoadAssemblies (72ms)
			RebuildTransferFunctionScriptingTraits (0ms)
			SetupTypeCache (105ms)
			ReleaseScriptCaches (0ms)
			RebuildScriptCaches (24ms)
			SetupLoadedEditorAssemblies (267ms)
				LogAssemblyErrors (0ms)
				InitializePlatformSupportModulesInManaged (62ms)
				SetLoadedEditorAssemblies (0ms)
				RefreshPlugins (64ms)
				BeforeProcessingInitializeOnLoad (1ms)
				ProcessInitializeOnLoadAttributes (94ms)
				ProcessInitializeOnLoadMethodAttributes (45ms)
				AfterProcessingInitializeOnLoad (0ms)
				EditorAssembliesLoaded (0ms)
			ExecutionOrderSort2 (0ms)
			AwakeInstancesAfterBackupRestoration (0ms)
Platform modules already initialized, skipping
Registering precompiled user dll's ...
Registered in 0.010742 seconds.
Begin MonoManager ReloadAssembly
Symbol file LoadedFromMemory doesn't match image C:\WorkSpace\RainyDay\Library\PackageCache\com.unity.visualscripting@1.7.8\Editor\VisualScripting.Core\Dependencies\YamlDotNet\Unity.VisualScripting.YamlDotNet.dll
Symbol file LoadedFromMemory doesn't match image C:\WorkSpace\RainyDay\Library\PackageCache\com.unity.visualscripting@1.7.8\Editor\VisualScripting.Core\Dependencies\DotNetZip\Unity.VisualScripting.IonicZip.dll
Native extension for WindowsStandalone target not found
Native extension for iOS target not found
Native extension for Android target not found
Refreshing native plugins compatible for Editor in 0.62 ms, found 3 plugins.
Preloading 0 native plugins for Editor in 0.00 ms.
Mono: successfully reloaded assembly
- Completed reload, in  1.075 seconds
Domain Reload Profiling:
	ReloadAssembly (1076ms)
		BeginReloadAssembly (235ms)
			ExecutionOrderSort (0ms)
			DisableScriptedObjects (7ms)
			BackupInstance (0ms)
			ReleaseScriptingObjects (0ms)
			CreateAndSetChildDomain (129ms)
		EndReloadAssembly (723ms)
			LoadAssemblies (105ms)
			RebuildTransferFunctionScriptingTraits (0ms)
			SetupTypeCache (195ms)
			ReleaseScriptCaches (1ms)
			RebuildScriptCaches (40ms)
			SetupLoadedEditorAssemblies (351ms)
				LogAssemblyErrors (0ms)
				InitializePlatformSupportModulesInManaged (21ms)
				SetLoadedEditorAssemblies (0ms)
				RefreshPlugins (1ms)
				BeforeProcessingInitializeOnLoad (84ms)
				ProcessInitializeOnLoadAttributes (205ms)
				ProcessInitializeOnLoadMethodAttributes (23ms)
				AfterProcessingInitializeOnLoad (16ms)
				EditorAssembliesLoaded (0ms)
			ExecutionOrderSort2 (0ms)
			AwakeInstancesAfterBackupRestoration (10ms)
Platform modules already initialized, skipping
========================================================================
Worker process is ready to serve import requests
Launched and connected shader compiler UnityShaderCompiler.exe after 0.04 seconds
Refreshing native plugins compatible for Editor in 0.74 ms, found 3 plugins.
Preloading 0 native plugins for Editor in 0.00 ms.
Unloading 3257 Unused Serialized files (Serialized files now loaded: 0)
Unloading 26 unused Assets / (56.1 KB). Loaded Objects now: 3715.
Memory consumption went from 118.1 MB to 118.1 MB.
Total: 2.938900 ms (FindLiveObjects: 0.290300 ms CreateObjectMapping: 0.146200 ms MarkObjects: 2.416600 ms  DeleteObjects: 0.084500 ms)

AssetImportParameters requested are different than current active one (requested -> active):
  custom:video-decoder-ogg-theora: a1e56fd34408186e4bbccfd4996cb3dc -> 
  custom:container-muxer-webm: aa71ff27fc2769a1b78a27578f13a17b -> 
  custom:container-demuxer-webm: 4f35f7cbe854078d1ac9338744f61a02 -> 
  custom:video-encoder-webm-vp8: eb34c28f22e8b96e1ab97ce403110664 -> 
  custom:audio-encoder-webm-vorbis: bf7c407c2cedff20999df2af8eb42d56 -> 
  custom:framework-win-MediaFoundation: 216162199b28c13a410421893ffa2e32 -> 
  custom:container-demuxer-ogg: 62fdf1f143b41e24485cea50d1cbac27 -> 
  custom:video-decoder-webm-vp8: 9c59270c3fd7afecdb556c50c9e8de78 -> 
  custom:audio-decoder-ogg-vorbis: bf7c407c2cedff20999df2af8eb42d56 -> 
========================================================================
Received Import Request.
  Time since last request: 50938.406011 seconds.
  path: Assets/Source/player.controller
  artifactKey: Guid(028ccac08605ac54992954aad6eff8e2) Importer(815301076,1909f56bfc062723c751e8b465ee728b)
Start importing Assets/Source/player.controller using Guid(028ccac08605ac54992954aad6eff8e2) Importer(815301076,1909f56bfc062723c751e8b465ee728b)  -> (artifact id: 'a47eb288c846bf00f774d29cc2a5bbb3') in 0.042513 seconds 
========================================================================
Received Import Request.
  Time since last request: 0.000016 seconds.
  path: Assets/Source/CCloud.cs
  artifactKey: Guid(6b8682d512d114a429d949df025a45aa) Importer(815301076,1909f56bfc062723c751e8b465ee728b)
Start importing Assets/Source/CCloud.cs using Guid(6b8682d512d114a429d949df025a45aa) Importer(815301076,1909f56bfc062723c751e8b465ee728b)  -> (artifact id: '1d60e2bf41aa6637dad34d1d0b5a603f') in 0.014151 seconds 
========================================================================
Received Prepare
Registering precompiled user dll's ...
Registered in 0.010091 seconds.
Begin MonoManager ReloadAssembly
Symbol file LoadedFromMemory doesn't match image C:\WorkSpace\RainyDay\Library\PackageCache\com.unity.visualscripting@1.7.8\Editor\VisualScripting.Core\Dependencies\YamlDotNet\Unity.VisualScripting.YamlDotNet.dll
Symbol file LoadedFromMemory doesn't match image C:\WorkSpace\RainyDay\Library\PackageCache\com.unity.visualscripting@1.7.8\Editor\VisualScripting.Core\Dependencies\DotNetZip\Unity.VisualScripting.IonicZip.dll
Native extension for WindowsStandalone target not found
Native extension for iOS target not found
Native extension for Android target not found
Refreshing native plugins compatible for Editor in 0.96 ms, found 3 plugins.
Preloading 0 native plugins for Editor in 0.00 ms.
Mono: successfully reloaded assembly
- Completed reload, in  0.963 seconds
Domain Reload Profiling:
	ReloadAssembly (964ms)
		BeginReloadAssembly (154ms)
			ExecutionOrderSort (0ms)
			DisableScriptedObjects (6ms)
			BackupInstance (0ms)
			ReleaseScriptingObjects (0ms)
			CreateAndSetChildDomain (38ms)
		EndReloadAssembly (703ms)
			LoadAssemblies (111ms)
			RebuildTransferFunctionScriptingTraits (0ms)
			SetupTypeCache (195ms)
			ReleaseScriptCaches (1ms)
			RebuildScriptCaches (39ms)
			SetupLoadedEditorAssemblies (326ms)
				LogAssemblyErrors (0ms)
				InitializePlatformSupportModulesInManaged (31ms)
				SetLoadedEditorAssemblies (1ms)
				RefreshPlugins (1ms)
				BeforeProcessingInitializeOnLoad (66ms)
				ProcessInitializeOnLoadAttributes (183ms)
				ProcessInitializeOnLoadMethodAttributes (24ms)
				AfterProcessingInitializeOnLoad (20ms)
				EditorAssembliesLoaded (0ms)
			ExecutionOrderSort2 (0ms)
			AwakeInstancesAfterBackupRestoration (10ms)
Platform modules already initialized, skipping
Refreshing native plugins compatible for Editor in 3.33 ms, found 3 plugins.
Preloading 0 native plugins for Editor in 0.00 ms.
Unloading 3238 Unused Serialized files (Serialized files now loaded: 0)
Unloading 19 unused Assets / (24.6 KB). Loaded Objects now: 3719.
Memory consumption went from 116.5 MB to 116.5 MB.
Total: 2.844600 ms (FindLiveObjects: 0.291500 ms CreateObjectMapping: 0.169000 ms MarkObjects: 2.354200 ms  DeleteObjects: 0.029000 ms)

AssetImportParameters requested are different than current active one (requested -> active):
  custom:video-decoder-ogg-theora: a1e56fd34408186e4bbccfd4996cb3dc -> 
  custom:container-muxer-webm: aa71ff27fc2769a1b78a27578f13a17b -> 
  custom:container-demuxer-webm: 4f35f7cbe854078d1ac9338744f61a02 -> 
  custom:video-encoder-webm-vp8: eb34c28f22e8b96e1ab97ce403110664 -> 
  custom:audio-encoder-webm-vorbis: bf7c407c2cedff20999df2af8eb42d56 -> 
  custom:framework-win-MediaFoundation: 216162199b28c13a410421893ffa2e32 -> 
  custom:container-demuxer-ogg: 62fdf1f143b41e24485cea50d1cbac27 -> 
  custom:video-decoder-webm-vp8: 9c59270c3fd7afecdb556c50c9e8de78 -> 
  custom:audio-decoder-ogg-vorbis: bf7c407c2cedff20999df2af8eb42d56 -> 
========================================================================
Received Prepare
Refreshing native plugins compatible for Editor in 8.94 ms, found 3 plugins.
Preloading 0 native plugins for Editor in 0.00 ms.
Unloading 19 Unused Serialized files (Serialized files now loaded: 0)
Unloading 19 unused Assets / (21.9 KB). Loaded Objects now: 3719.
Memory consumption went from 52.1 MB to 52.1 MB.
Total: 3.463100 ms (FindLiveObjects: 0.385200 ms CreateObjectMapping: 0.184600 ms MarkObjects: 2.875800 ms  DeleteObjects: 0.017000 ms)

AssetImportParameters requested are different than current active one (requested -> active):
  custom:video-decoder-ogg-theora: a1e56fd34408186e4bbccfd4996cb3dc -> 
  custom:container-muxer-webm: aa71ff27fc2769a1b78a27578f13a17b -> 
  custom:container-demuxer-webm: 4f35f7cbe854078d1ac9338744f61a02 -> 
  custom:video-encoder-webm-vp8: eb34c28f22e8b96e1ab97ce403110664 -> 
  custom:audio-encoder-webm-vorbis: bf7c407c2cedff20999df2af8eb42d56 -> 
  custom:framework-win-MediaFoundation: 216162199b28c13a410421893ffa2e32 -> 
  custom:container-demuxer-ogg: 62fdf1f143b41e24485cea50d1cbac27 -> 
  custom:video-decoder-webm-vp8: 9c59270c3fd7afecdb556c50c9e8de78 -> 
  custom:audio-decoder-ogg-vorbis: bf7c407c2cedff20999df2af8eb42d56 -> 
========================================================================
Received Prepare
Refreshing native plugins compatible for Editor in 6.38 ms, found 3 plugins.
Preloading 0 native plugins for Editor in 0.00 ms.
Unloading 19 Unused Serialized files (Serialized files now loaded: 0)
Unloading 19 unused Assets / (21.9 KB). Loaded Objects now: 3719.
Memory consumption went from 52.1 MB to 52.1 MB.
Total: 3.240100 ms (FindLiveObjects: 0.200000 ms CreateObjectMapping: 0.100500 ms MarkObjects: 2.923700 ms  DeleteObjects: 0.015400 ms)

AssetImportParameters requested are different than current active one (requested -> active):
  custom:video-decoder-ogg-theora: a1e56fd34408186e4bbccfd4996cb3dc -> 
  custom:container-muxer-webm: aa71ff27fc2769a1b78a27578f13a17b -> 
  custom:container-demuxer-webm: 4f35f7cbe854078d1ac9338744f61a02 -> 
  custom:video-encoder-webm-vp8: eb34c28f22e8b96e1ab97ce403110664 -> 
  custom:audio-encoder-webm-vorbis: bf7c407c2cedff20999df2af8eb42d56 -> 
  custom:framework-win-MediaFoundation: 216162199b28c13a410421893ffa2e32 -> 
  custom:container-demuxer-ogg: 62fdf1f143b41e24485cea50d1cbac27 -> 
  custom:video-decoder-webm-vp8: 9c59270c3fd7afecdb556c50c9e8de78 -> 
  custom:audio-decoder-ogg-vorbis: bf7c407c2cedff20999df2af8eb42d56 -> 
========================================================================
Received Prepare
Registering precompiled user dll's ...
Registered in 0.010380 seconds.
Begin MonoManager ReloadAssembly
Symbol file LoadedFromMemory doesn't match image C:\WorkSpace\RainyDay\Library\PackageCache\com.unity.visualscripting@1.7.8\Editor\VisualScripting.Core\Dependencies\YamlDotNet\Unity.VisualScripting.YamlDotNet.dll
Symbol file LoadedFromMemory doesn't match image C:\WorkSpace\RainyDay\Library\PackageCache\com.unity.visualscripting@1.7.8\Editor\VisualScripting.Core\Dependencies\DotNetZip\Unity.VisualScripting.IonicZip.dll
Native extension for WindowsStandalone target not found
Native extension for iOS target not found
Native extension for Android target not found
Refreshing native plugins compatible for Editor in 0.89 ms, found 3 plugins.
Preloading 0 native plugins for Editor in 0.00 ms.
Mono: successfully reloaded assembly
- Completed reload, in  0.865 seconds
Domain Reload Profiling:
	ReloadAssembly (866ms)
		BeginReloadAssembly (144ms)
			ExecutionOrderSort (0ms)
			DisableScriptedObjects (6ms)
			BackupInstance (0ms)
			ReleaseScriptingObjects (0ms)
			CreateAndSetChildDomain (36ms)
		EndReloadAssembly (618ms)
			LoadAssemblies (99ms)
			RebuildTransferFunctionScriptingTraits (0ms)
			SetupTypeCache (173ms)
			ReleaseScriptCaches (1ms)
			RebuildScriptCaches (33ms)
			SetupLoadedEditorAssemblies (285ms)
				LogAssemblyErrors (0ms)
				InitializePlatformSupportModulesInManaged (28ms)
				SetLoadedEditorAssemblies (0ms)
				RefreshPlugins (1ms)
				BeforeProcessingInitializeOnLoad (64ms)
				ProcessInitializeOnLoadAttributes (158ms)
				ProcessInitializeOnLoadMethodAttributes (18ms)
				AfterProcessingInitializeOnLoad (15ms)
				EditorAssembliesLoaded (0ms)
			ExecutionOrderSort2 (0ms)
			AwakeInstancesAfterBackupRestoration (11ms)
Platform modules already initialized, skipping
Refreshing native plugins compatible for Editor in 2.64 ms, found 3 plugins.
Preloading 0 native plugins for Editor in 0.00 ms.
Unloading 3238 Unused Serialized files (Serialized files now loaded: 0)
Unloading 19 unused Assets / (24.7 KB). Loaded Objects now: 3722.
Memory consumption went from 116.4 MB to 116.3 MB.
Total: 2.401600 ms (FindLiveObjects: 0.210800 ms CreateObjectMapping: 0.100800 ms MarkObjects: 2.069600 ms  DeleteObjects: 0.019600 ms)

AssetImportParameters requested are different than current active one (requested -> active):
  custom:video-decoder-ogg-theora: a1e56fd34408186e4bbccfd4996cb3dc -> 
  custom:container-muxer-webm: aa71ff27fc2769a1b78a27578f13a17b -> 
  custom:container-demuxer-webm: 4f35f7cbe854078d1ac9338744f61a02 -> 
  custom:video-encoder-webm-vp8: eb34c28f22e8b96e1ab97ce403110664 -> 
  custom:audio-encoder-webm-vorbis: bf7c407c2cedff20999df2af8eb42d56 -> 
  custom:framework-win-MediaFoundation: 216162199b28c13a410421893ffa2e32 -> 
  custom:container-demuxer-ogg: 62fdf1f143b41e24485cea50d1cbac27 -> 
  custom:video-decoder-webm-vp8: 9c59270c3fd7afecdb556c50c9e8de78 -> 
  custom:audio-decoder-ogg-vorbis: bf7c407c2cedff20999df2af8eb42d56 -> 
========================================================================
Received Import Request.
  Time since last request: 1714.767950 seconds.
  path: Assets/resources/img/asdf.png
  artifactKey: Guid(ce1f01645c1379440941e73285c5111f) Importer(815301076,1909f56bfc062723c751e8b465ee728b)
Start importing Assets/resources/img/asdf.png using Guid(ce1f01645c1379440941e73285c5111f) Importer(815301076,1909f56bfc062723c751e8b465ee728b)  -> (artifact id: '5c00b577e1fd1b70fc42a92473730178') in 0.125754 seconds 
========================================================================
Received Import Request.
  Time since last request: 0.609519 seconds.
  path: Assets/resources/img/characterA.png
  artifactKey: Guid(0386850de2e2e0d4b994cab6bfef4685) Importer(815301076,1909f56bfc062723c751e8b465ee728b)
Start importing Assets/resources/img/characterA.png using Guid(0386850de2e2e0d4b994cab6bfef4685) Importer(815301076,1909f56bfc062723c751e8b465ee728b)  -> (artifact id: 'abb6214cf171319a116ec2ede45fc2f5') in 0.009029 seconds 
========================================================================
Received Import Request.
  Time since last request: 0.000029 seconds.
  path: Assets/resources/img/cloud2-2a.png
  artifactKey: Guid(1beb3447dd9ee62468be693e96bd0496) Importer(815301076,1909f56bfc062723c751e8b465ee728b)
Start importing Assets/resources/img/cloud2-2a.png using Guid(1beb3447dd9ee62468be693e96bd0496) Importer(815301076,1909f56bfc062723c751e8b465ee728b)  -> (artifact id: '188095860cacd699ea42363f76fe302d') in 0.011815 seconds 
========================================================================
Received Import Request.
  Time since last request: 0.000028 seconds.
  path: Assets/resources/img/lun1AC.png
  artifactKey: Guid(147b565c06b68cb45b5727d18d119d12) Importer(815301076,1909f56bfc062723c751e8b465ee728b)
Start importing Assets/resources/img/lun1AC.png using Guid(147b565c06b68cb45b5727d18d119d12) Importer(815301076,1909f56bfc062723c751e8b465ee728b)  -> (artifact id: 'a00011ba9ba1743038958a1fb93cf876') in 0.010736 seconds 
========================================================================
Received Import Request.
  Time since last request: 0.000021 seconds.
  path: Assets/resources/img/land_blk.png
  artifactKey: Guid(7b261d24db4d00442897dc2e71d7f781) Importer(815301076,1909f56bfc062723c751e8b465ee728b)
Start importing Assets/resources/img/land_blk.png using Guid(7b261d24db4d00442897dc2e71d7f781) Importer(815301076,1909f56bfc062723c751e8b465ee728b)  -> (artifact id: '7fcf80a96823505df0f4a3cceeb70626') in 0.015481 seconds 
========================================================================
Received Import Request.
  Time since last request: 0.000017 seconds.
  path: Assets/resources/img/cloud1-2a.png
  artifactKey: Guid(b79a72fb22beb6f42bd887a599e6f80d) Importer(815301076,1909f56bfc062723c751e8b465ee728b)
Start importing Assets/resources/img/cloud1-2a.png using Guid(b79a72fb22beb6f42bd887a599e6f80d) Importer(815301076,1909f56bfc062723c751e8b465ee728b)  -> (artifact id: '3244c35a984aadf1a97002859b72309a') in 0.010020 seconds 
========================================================================
Received Import Request.
  Time since last request: 0.000021 seconds.
  path: Assets/resources/img/cloud1-2b-1.png
  artifactKey: Guid(5f5aeadb589c4034ab100e8872902d48) Importer(815301076,1909f56bfc062723c751e8b465ee728b)
Start importing Assets/resources/img/cloud1-2b-1.png using Guid(5f5aeadb589c4034ab100e8872902d48) Importer(815301076,1909f56bfc062723c751e8b465ee728b)  -> (artifact id: '7a130629bc44a919f0b734ea72e2bef6') in 0.010539 seconds 
========================================================================
Received Import Request.
  Time since last request: 0.000019 seconds.
  path: Assets/resources/img/end_sample5_darknavy.jpg
  artifactKey: Guid(fff0d4b3f417cfa4cb9acbe6063e1efd) Importer(815301076,1909f56bfc062723c751e8b465ee728b)
Start importing Assets/resources/img/end_sample5_darknavy.jpg using Guid(fff0d4b3f417cfa4cb9acbe6063e1efd) Importer(815301076,1909f56bfc062723c751e8b465ee728b)  -> (artifact id: '6da6fafa2ee701e6413204453c9193f5') in 0.030401 seconds 
========================================================================
Received Import Request.
  Time since last request: 0.000018 seconds.
  path: Assets/resources/img/land_darknavy.png
  artifactKey: Guid(58870f4ee30b52643a977363a818489e) Importer(815301076,1909f56bfc062723c751e8b465ee728b)
Start importing Assets/resources/img/land_darknavy.png using Guid(58870f4ee30b52643a977363a818489e) Importer(815301076,1909f56bfc062723c751e8b465ee728b)  -> (artifact id: '18c77e3b8a433b02d8e9cdbe7af09a5a') in 0.012677 seconds 
========================================================================
Received Import Request.
  Time since last request: 0.000023 seconds.
  path: Assets/resources/img/cloud1-2b.png
  artifactKey: Guid(fc4a2cef3bd669641bab1fb203998f24) Importer(815301076,1909f56bfc062723c751e8b465ee728b)
Start importing Assets/resources/img/cloud1-2b.png using Guid(fc4a2cef3bd669641bab1fb203998f24) Importer(815301076,1909f56bfc062723c751e8b465ee728b)  -> (artifact id: '7d3f6947d8e4ac96913f7c94e2e57c73') in 0.011110 seconds 
========================================================================
Received Import Request.
  Time since last request: 0.000017 seconds.
  path: Assets/resources/img/cloud2-2.png
  artifactKey: Guid(1cc3bc7a05c14dd42b4c64fef15ece04) Importer(815301076,1909f56bfc062723c751e8b465ee728b)
Start importing Assets/resources/img/cloud2-2.png using Guid(1cc3bc7a05c14dd42b4c64fef15ece04) Importer(815301076,1909f56bfc062723c751e8b465ee728b)  -> (artifact id: '82289b2695539d19197aeaddf653beca') in 0.011260 seconds 
========================================================================
Received Import Request.
  Time since last request: 0.000018 seconds.
  path: Assets/resources/img/LAND_LOGO_navy.png
  artifactKey: Guid(a3c314ac4793c1344b6143ac7bddf17d) Importer(815301076,1909f56bfc062723c751e8b465ee728b)
Start importing Assets/resources/img/LAND_LOGO_navy.png using Guid(a3c314ac4793c1344b6143ac7bddf17d) Importer(815301076,1909f56bfc062723c751e8b465ee728b)  -> (artifact id: '78c7067ac6dd3acfa8d82ec8508b39ef') in 0.013676 seconds 
========================================================================
Received Import Request.
  Time since last request: 0.000019 seconds.
  path: Assets/resources/img/cloud1.png
  artifactKey: Guid(c4ac1576f4aa24e4eb06acbce96c9d52) Importer(815301076,1909f56bfc062723c751e8b465ee728b)
Start importing Assets/resources/img/cloud1.png using Guid(c4ac1576f4aa24e4eb06acbce96c9d52) Importer(815301076,1909f56bfc062723c751e8b465ee728b)  -> (artifact id: 'cfb65f8760f6915d0cf15f383efb9152') in 0.010981 seconds 
========================================================================
Received Import Request.
  Time since last request: 0.000017 seconds.
  path: Assets/resources/img/end_sample5_navy.jpg
  artifactKey: Guid(4346e0c29a76b074b946933663380f32) Importer(815301076,1909f56bfc062723c751e8b465ee728b)
Start importing Assets/resources/img/end_sample5_navy.jpg using Guid(4346e0c29a76b074b946933663380f32) Importer(815301076,1909f56bfc062723c751e8b465ee728b)  -> (artifact id: 'c988b549d8af59efddcb35ead6f12fd5') in 0.021192 seconds 
========================================================================
Received Import Request.
  Time since last request: 0.000022 seconds.
  path: Assets/resources/img/cloud1a.png
  artifactKey: Guid(99fb039fe5385ea4a821252b450f4c97) Importer(815301076,1909f56bfc062723c751e8b465ee728b)
Start importing Assets/resources/img/cloud1a.png using Guid(99fb039fe5385ea4a821252b450f4c97) Importer(815301076,1909f56bfc062723c751e8b465ee728b)  -> (artifact id: '7997d313a763b0332f2316a319321a11') in 0.009420 seconds 
========================================================================
Received Import Request.
  Time since last request: 0.000017 seconds.
  path: Assets/resources/img/end_sample3.jpg
  artifactKey: Guid(b893995f23375b34c80f14e7f5237a31) Importer(815301076,1909f56bfc062723c751e8b465ee728b)
Start importing Assets/resources/img/end_sample3.jpg using Guid(b893995f23375b34c80f14e7f5237a31) Importer(815301076,1909f56bfc062723c751e8b465ee728b)  -> (artifact id: 'f6994ba926f6040bd8b445744cb2ede1') in 0.035069 seconds 
========================================================================
Received Import Request.
  Time since last request: 0.000029 seconds.
  path: Assets/resources/img/characterAC.png
  artifactKey: Guid(d1bfbcd46f21fbf49ab80680b1a62dbd) Importer(815301076,1909f56bfc062723c751e8b465ee728b)
Start importing Assets/resources/img/characterAC.png using Guid(d1bfbcd46f21fbf49ab80680b1a62dbd) Importer(815301076,1909f56bfc062723c751e8b465ee728b)  -> (artifact id: 'c420b730750ddf9c5d798bc13346b900') in 0.010523 seconds 
========================================================================
Received Import Request.
  Time since last request: 0.429475 seconds.
  path: Assets/resources/img/lun2AC.png
  artifactKey: Guid(e697313c52821f1468a60afcddad438c) Importer(815301076,1909f56bfc062723c751e8b465ee728b)
Start importing Assets/resources/img/lun2AC.png using Guid(e697313c52821f1468a60afcddad438c) Importer(815301076,1909f56bfc062723c751e8b465ee728b)  -> (artifact id: '3a2f9f0fee726026abac6ffe271a12ec') in 0.009425 seconds 
========================================================================
Received Import Request.
  Time since last request: 0.000015 seconds.
  path: Assets/resources/img/raindrop2.png
  artifactKey: Guid(4426d45ebc8ac2c44acccf0b033060ee) Importer(815301076,1909f56bfc062723c751e8b465ee728b)
Start importing Assets/resources/img/raindrop2.png using Guid(4426d45ebc8ac2c44acccf0b033060ee) Importer(815301076,1909f56bfc062723c751e8b465ee728b)  -> (artifact id: '7b2713eb9f83bb8d7b8d35c810261ebd') in 0.010165 seconds 
========================================================================
Received Import Request.
  Time since last request: 0.000023 seconds.
  path: Assets/resources/img/lun12AC.png
  artifactKey: Guid(aeb5b58b9fd80ee4bb8d36902f1d5fa4) Importer(815301076,1909f56bfc062723c751e8b465ee728b)
Start importing Assets/resources/img/lun12AC.png using Guid(aeb5b58b9fd80ee4bb8d36902f1d5fa4) Importer(815301076,1909f56bfc062723c751e8b465ee728b)  -> (artifact id: '262f41ed273aa29ccfffb60a818a7fea') in 0.009463 seconds 
========================================================================
Received Import Request.
  Time since last request: 0.000016 seconds.
  path: Assets/resources/img/raindrop60.png
  artifactKey: Guid(75cdf0107391ee940871e64e65d42e4d) Importer(815301076,1909f56bfc062723c751e8b465ee728b)
Start importing Assets/resources/img/raindrop60.png using Guid(75cdf0107391ee940871e64e65d42e4d) Importer(815301076,1909f56bfc062723c751e8b465ee728b)  -> (artifact id: '94ebce5143767a8d827cd433d7a8d89d') in 0.009844 seconds 
========================================================================
Received Import Request.
  Time since last request: 0.000016 seconds.
  path: Assets/resources/img/raindropA.png
  artifactKey: Guid(24f4cbf2196c32c43957abf3b278cd6c) Importer(815301076,1909f56bfc062723c751e8b465ee728b)
Start importing Assets/resources/img/raindropA.png using Guid(24f4cbf2196c32c43957abf3b278cd6c) Importer(815301076,1909f56bfc062723c751e8b465ee728b)  -> (artifact id: '666f7ed41ab645520a381d3075463e4b') in 0.008731 seconds 
========================================================================
Received Import Request.
  Time since last request: 0.000015 seconds.
  path: Assets/resources/img/run1.png
  artifactKey: Guid(98216db8fcb3cb74094bd4c4d071d6c7) Importer(815301076,1909f56bfc062723c751e8b465ee728b)
Start importing Assets/resources/img/run1.png using Guid(98216db8fcb3cb74094bd4c4d071d6c7) Importer(815301076,1909f56bfc062723c751e8b465ee728b)  -> (artifact id: '779825b89f386708249ae12848dd4792') in 0.010155 seconds 
========================================================================
Received Import Request.
  Time since last request: 0.000017 seconds.
  path: Assets/resources/img/run2A.png
  artifactKey: Guid(32c604972f921e84cb25a22a964277b9) Importer(815301076,1909f56bfc062723c751e8b465ee728b)
Start importing Assets/resources/img/run2A.png using Guid(32c604972f921e84cb25a22a964277b9) Importer(815301076,1909f56bfc062723c751e8b465ee728b)  -> (artifact id: 'a154403571092223aeac1985cb266bf8') in 0.008747 seconds 
========================================================================
Received Import Request.
  Time since last request: 0.000017 seconds.
  path: Assets/resources/img/run3.png
  artifactKey: Guid(927321017adea87409b5aa704f762a51) Importer(815301076,1909f56bfc062723c751e8b465ee728b)
Start importing Assets/resources/img/run3.png using Guid(927321017adea87409b5aa704f762a51) Importer(815301076,1909f56bfc062723c751e8b465ee728b)  -> (artifact id: '945c48e350cf2340d6b3c69a970cc572') in 0.009855 seconds 
========================================================================
Received Import Request.
  Time since last request: 0.000016 seconds.
  path: Assets/resources/img/run12AC.png
  artifactKey: Guid(ddb37867ba28a5b40b244eb1535f83e0) Importer(815301076,1909f56bfc062723c751e8b465ee728b)
Start importing Assets/resources/img/run12AC.png using Guid(ddb37867ba28a5b40b244eb1535f83e0) Importer(815301076,1909f56bfc062723c751e8b465ee728b)  -> (artifact id: '01d33d62dbd32798d7bc7b389ac622ca') in 0.009792 seconds 
========================================================================
Received Import Request.
  Time since last request: 0.000025 seconds.
  path: Assets/resources/img/run12A.png
  artifactKey: Guid(3fa838b62c91efb4db83921dd3c5ee13) Importer(815301076,1909f56bfc062723c751e8b465ee728b)
Start importing Assets/resources/img/run12A.png using Guid(3fa838b62c91efb4db83921dd3c5ee13) Importer(815301076,1909f56bfc062723c751e8b465ee728b)  -> (artifact id: '5da21d495343253c22dae063f7fabb8d') in 0.008993 seconds 
========================================================================
Received Import Request.
  Time since last request: 0.000018 seconds.
  path: Assets/resources/img/run1A.png
  artifactKey: Guid(733b6dc5f2987994898213947afe0ece) Importer(815301076,1909f56bfc062723c751e8b465ee728b)
Start importing Assets/resources/img/run1A.png using Guid(733b6dc5f2987994898213947afe0ece) Importer(815301076,1909f56bfc062723c751e8b465ee728b)  -> (artifact id: '5c6d1baadebb59261a93053d81dfab2c') in 0.008595 seconds 
========================================================================
Received Import Request.
  Time since last request: 0.000024 seconds.
  path: Assets/resources/img/raindrop2A.png
  artifactKey: Guid(bc4ec796a484b954e99392c558e2a8e1) Importer(815301076,1909f56bfc062723c751e8b465ee728b)
Start importing Assets/resources/img/raindrop2A.png using Guid(bc4ec796a484b954e99392c558e2a8e1) Importer(815301076,1909f56bfc062723c751e8b465ee728b)  -> (artifact id: 'cfc249c05eb34c761f22c8ba3b366c0d') in 0.008065 seconds 
========================================================================
Received Import Request.
  Time since last request: 0.000016 seconds.
  path: Assets/resources/img/run2.png
  artifactKey: Guid(83faf27c95eddda4dacae333066b5d36) Importer(815301076,1909f56bfc062723c751e8b465ee728b)
Start importing Assets/resources/img/run2.png using Guid(83faf27c95eddda4dacae333066b5d36) Importer(815301076,1909f56bfc062723c751e8b465ee728b)  -> (artifact id: '84e623dbb446c9f207bd7b35a8738b2b') in 0.010975 seconds 
========================================================================
Received Import Request.
  Time since last request: 0.000025 seconds.
  path: Assets/resources/img/lun12.png
  artifactKey: Guid(7ffbfafaa96dc5242bff1e663374cb84) Importer(815301076,1909f56bfc062723c751e8b465ee728b)
Start importing Assets/resources/img/lun12.png using Guid(7ffbfafaa96dc5242bff1e663374cb84) Importer(815301076,1909f56bfc062723c751e8b465ee728b)  -> (artifact id: '7c54a5506e4ac929f37e29234415edee') in 0.010766 seconds 
========================================================================
Received Import Request.
  Time since last request: 0.258697 seconds.
  path: Assets/resources/img/start_sample2.jpg
  artifactKey: Guid(0c045c917d45cea49871fe52c1ec40a5) Importer(815301076,1909f56bfc062723c751e8b465ee728b)
Start importing Assets/resources/img/start_sample2.jpg using Guid(0c045c917d45cea49871fe52c1ec40a5) Importer(815301076,1909f56bfc062723c751e8b465ee728b)  -> (artifact id: 'd689704db54b3d25bacededb930aace7') in 0.017412 seconds 
========================================================================
Received Import Request.
  Time since last request: 0.000017 seconds.
  path: Assets/resources/img/tCloud.png
  artifactKey: Guid(3c695b21a6e74ca4ca089cae3f97a2b2) Importer(815301076,1909f56bfc062723c751e8b465ee728b)
Start importing Assets/resources/img/tCloud.png using Guid(3c695b21a6e74ca4ca089cae3f97a2b2) Importer(815301076,1909f56bfc062723c751e8b465ee728b)  -> (artifact id: '947a8eaaad0b27320d642bd16b0c640b') in 0.011338 seconds 
========================================================================
Received Import Request.
  Time since last request: 0.000025 seconds.
  path: Assets/resources/img/tcloudA.png
  artifactKey: Guid(eb82153796208a44a9bd014ef426eac7) Importer(815301076,1909f56bfc062723c751e8b465ee728b)
Start importing Assets/resources/img/tcloudA.png using Guid(eb82153796208a44a9bd014ef426eac7) Importer(815301076,1909f56bfc062723c751e8b465ee728b)  -> (artifact id: '359242e6c903e9dfe0d64e3e737f33ea') in 0.011310 seconds 
========================================================================
Received Import Request.
  Time since last request: 0.000022 seconds.
  path: Assets/resources/img/wall.png
  artifactKey: Guid(03dc9fea0d429cf48b470ab48921a033) Importer(815301076,1909f56bfc062723c751e8b465ee728b)
Start importing Assets/resources/img/wall.png using Guid(03dc9fea0d429cf48b470ab48921a033) Importer(815301076,1909f56bfc062723c751e8b465ee728b)  -> (artifact id: 'b7c7cdff65694407af9401bbde0f932d') in 0.010722 seconds 
========================================================================
Received Import Request.
  Time since last request: 0.000018 seconds.
  path: Assets/resources/img/빗줄기예시.png
  artifactKey: Guid(98811cd8eb9b2de45986073fe3cf4068) Importer(815301076,1909f56bfc062723c751e8b465ee728b)
Start importing Assets/resources/img/빗줄기예시.png using Guid(98811cd8eb9b2de45986073fe3cf4068) Importer(815301076,1909f56bfc062723c751e8b465ee728b)  -> (artifact id: '4b7519d603122e739026d4ed787a5d07') in 0.009022 seconds 
========================================================================
Received Import Request.
  Time since last request: 0.000023 seconds.
  path: Assets/resources/img/start_sample3_navy.jpg
  artifactKey: Guid(b24ce26c9e123e1428217bde42d0221d) Importer(815301076,1909f56bfc062723c751e8b465ee728b)
Start importing Assets/resources/img/start_sample3_navy.jpg using Guid(b24ce26c9e123e1428217bde42d0221d) Importer(815301076,1909f56bfc062723c751e8b465ee728b)  -> (artifact id: 'b73218dd61a6977c973dba0d7450ce71') in 0.015707 seconds 
========================================================================
Received Import Request.
  Time since last request: 0.000025 seconds.
  path: Assets/resources/img/start_sample3_darknavy.jpg
  artifactKey: Guid(81ea30f0068003545803e5cffe064304) Importer(815301076,1909f56bfc062723c751e8b465ee728b)
Start importing Assets/resources/img/start_sample3_darknavy.jpg using Guid(81ea30f0068003545803e5cffe064304) Importer(815301076,1909f56bfc062723c751e8b465ee728b)  -> (artifact id: '0c60cc57d587da9f7174dd6b8a55a00e') in 0.020199 seconds 
========================================================================
Received Import Request.
  Time since last request: 0.000019 seconds.
  path: Assets/resources/img/tCloud2A.png
  artifactKey: Guid(9e54c8ec0ae1e8448ad8761e5115ab53) Importer(815301076,1909f56bfc062723c751e8b465ee728b)
Start importing Assets/resources/img/tCloud2A.png using Guid(9e54c8ec0ae1e8448ad8761e5115ab53) Importer(815301076,1909f56bfc062723c751e8b465ee728b)  -> (artifact id: 'aafa77aea32b02d90c048463ea6695e8') in 0.012732 seconds 
========================================================================
Received Import Request.
  Time since last request: 0.000021 seconds.
  path: Assets/resources/img/tcloudB.png
  artifactKey: Guid(5b81b9c73a17c4644ac21a3eeff3961a) Importer(815301076,1909f56bfc062723c751e8b465ee728b)
Start importing Assets/resources/img/tcloudB.png using Guid(5b81b9c73a17c4644ac21a3eeff3961a) Importer(815301076,1909f56bfc062723c751e8b465ee728b)  -> (artifact id: 'e4bbaddd03fba1e5ee162a19d3af9fdc') in 0.014991 seconds 
